<?xml version="1.0" encoding="UTF-8"?>
<coverage generated="1748773990849" clover="3.2.0">
  <project timestamp="1748773990850" name="All files">
    <metrics statements="119" coveredstatements="68" conditionals="88" coveredconditionals="38" methods="33" coveredmethods="11" elements="240" coveredelements="117" complexity="0" loc="119" ncloc="119" packages="1" files="5" classes="5"/>
    <file name="CreateRoom.jsx" path="C:\Users\assas\Music\DevOps\DevOps\escapeverse\src\CreateRoom.jsx">
      <metrics statements="14" coveredstatements="5" conditionals="2" coveredconditionals="0" methods="4" coveredmethods="2"/>
      <line num="5" count="11" type="stmt"/>
      <line num="6" count="0" type="stmt"/>
      <line num="8" count="0" type="stmt"/>
      <line num="9" count="0" type="stmt"/>
      <line num="10" count="0" type="stmt"/>
      <line num="11" count="0" type="cond" truecount="0" falsecount="2"/>
      <line num="12" count="0" type="stmt"/>
      <line num="14" count="0" type="stmt"/>
      <line num="15" count="0" type="stmt"/>
      <line num="19" count="11" type="stmt"/>
      <line num="21" count="11" type="stmt"/>
      <line num="48" count="11" type="stmt"/>
      <line num="67" count="33" type="stmt"/>
      <line num="86" count="0" type="stmt"/>
    </file>
    <file name="LandingPage.jsx" path="C:\Users\assas\Music\DevOps\DevOps\escapeverse\src\LandingPage.jsx">
      <metrics statements="30" coveredstatements="21" conditionals="43" coveredconditionals="25" methods="13" coveredmethods="5"/>
      <line num="12" count="8" type="stmt"/>
      <line num="13" count="8" type="stmt"/>
      <line num="14" count="8" type="stmt"/>
      <line num="15" count="8" type="stmt"/>
      <line num="16" count="8" type="stmt"/>
      <line num="17" count="8" type="stmt"/>
      <line num="19" count="8" type="cond" truecount="4" falsecount="0"/>
      <line num="20" count="8" type="cond" truecount="2" falsecount="0"/>
      <line num="23" count="8" type="stmt"/>
      <line num="24" count="8" type="stmt"/>
      <line num="27" count="8" type="stmt"/>
      <line num="28" count="0" type="stmt"/>
      <line num="31" count="8" type="stmt"/>
      <line num="32" count="0" type="stmt"/>
      <line num="36" count="8" type="stmt"/>
      <line num="37" count="0" type="cond" truecount="0" falsecount="5"/>
      <line num="38" count="0" type="stmt"/>
      <line num="42" count="8" type="stmt"/>
      <line num="43" count="8" type="stmt"/>
      <line num="44" count="8" type="stmt"/>
      <line num="48" count="8" type="stmt"/>
      <line num="49" count="16" type="stmt"/>
      <line num="50" count="16" type="stmt"/>
      <line num="51" count="16" type="stmt"/>
      <line num="57" count="8" type="stmt"/>
      <line num="84" count="0" type="stmt"/>
      <line num="92" count="0" type="cond" truecount="1" falsecount="1"/>
      <line num="147" count="0" type="stmt"/>
      <line num="198" count="0" type="cond" truecount="1" falsecount="1"/>
      <line num="199" count="0" type="cond" truecount="1" falsecount="1"/>
    </file>
    <file name="RoomLobby.jsx" path="C:\Users\assas\Music\DevOps\DevOps\escapeverse\src\RoomLobby.jsx">
      <metrics statements="59" coveredstatements="37" conditionals="39" coveredconditionals="13" methods="11" coveredmethods="3"/>
      <line num="7" count="6" type="stmt"/>
      <line num="8" count="6" type="stmt"/>
      <line num="10" count="6" type="cond" truecount="1" falsecount="1"/>
      <line num="11" count="6" type="stmt"/>
      <line num="12" count="6" type="stmt"/>
      <line num="13" count="6" type="stmt"/>
      <line num="14" count="6" type="stmt"/>
      <line num="15" count="6" type="stmt"/>
      <line num="16" count="6" type="stmt"/>
      <line num="17" count="6" type="stmt"/>
      <line num="19" count="6" type="stmt"/>
      <line num="20" count="6" type="stmt"/>
      <line num="21" count="6" type="stmt"/>
      <line num="22" count="6" type="stmt"/>
      <line num="23" count="6" type="stmt"/>
      <line num="26" count="6" type="stmt"/>
      <line num="29" count="6" type="stmt"/>
      <line num="30" count="0" type="stmt"/>
      <line num="32" count="0" type="cond" truecount="0" falsecount="2"/>
      <line num="33" count="0" type="stmt"/>
      <line num="34" count="0" type="cond" truecount="0" falsecount="4"/>
      <line num="35" count="0" type="stmt"/>
      <line num="36" count="0" type="stmt"/>
      <line num="39" count="0" type="cond" truecount="0" falsecount="2"/>
      <line num="40" count="0" type="stmt"/>
      <line num="45" count="6" type="stmt"/>
      <line num="46" count="0" type="cond" truecount="0" falsecount="2"/>
      <line num="47" count="0" type="stmt"/>
      <line num="48" count="0" type="stmt"/>
      <line num="51" count="6" type="stmt"/>
      <line num="52" count="0" type="stmt"/>
      <line num="53" count="0" type="stmt"/>
      <line num="57" count="6" type="cond" truecount="3" falsecount="1"/>
      <line num="58" count="6" type="stmt"/>
      <line num="61" count="6" type="cond" truecount="2" falsecount="1"/>
      <line num="65" count="6" type="stmt"/>
      <line num="67" count="6" type="stmt"/>
      <line num="73" count="6" type="stmt"/>
      <line num="76" count="6" type="cond" truecount="1" falsecount="1"/>
      <line num="77" count="0" type="stmt"/>
      <line num="81" count="6" type="cond" truecount="1" falsecount="1"/>
      <line num="82" count="6" type="stmt"/>
      <line num="83" count="6" type="stmt"/>
      <line num="88" count="6" type="stmt"/>
      <line num="89" count="6" type="cond" truecount="1" falsecount="1"/>
      <line num="90" count="6" type="stmt"/>
      <line num="91" count="6" type="stmt"/>
      <line num="93" count="6" type="stmt"/>
      <line num="97" count="6" type="stmt"/>
      <line num="98" count="0" type="stmt"/>
      <line num="99" count="0" type="cond" truecount="0" falsecount="2"/>
      <line num="100" count="0" type="stmt"/>
      <line num="102" count="0" type="stmt"/>
      <line num="107" count="6" type="stmt"/>
      <line num="108" count="0" type="stmt"/>
      <line num="109" count="0" type="stmt"/>
      <line num="111" count="0" type="stmt"/>
      <line num="115" count="6" type="stmt"/>
      <line num="162" count="0" type="stmt"/>
    </file>
    <file name="UserContext.jsx" path="C:\Users\assas\Music\DevOps\DevOps\escapeverse\src\UserContext.jsx">
      <metrics statements="13" coveredstatements="2" conditionals="4" coveredconditionals="0" methods="5" coveredmethods="1"/>
      <line num="7" count="2" type="stmt"/>
      <line num="11" count="0" type="stmt"/>
      <line num="12" count="0" type="stmt"/>
      <line num="14" count="0" type="stmt"/>
      <line num="16" count="0" type="cond" truecount="0" falsecount="2"/>
      <line num="17" count="0" type="stmt"/>
      <line num="18" count="0" type="stmt"/>
      <line num="19" count="0" type="stmt"/>
      <line num="21" count="0" type="stmt"/>
      <line num="24" count="0" type="stmt"/>
      <line num="29" count="0" type="cond" truecount="0" falsecount="2"/>
      <line num="31" count="0" type="stmt"/>
      <line num="39" count="8" type="stmt"/>
    </file>
    <file name="firebase.js" path="C:\Users\assas\Music\DevOps\DevOps\escapeverse\src\firebase.js">
      <metrics statements="3" coveredstatements="3" conditionals="0" coveredconditionals="0" methods="0" coveredmethods="0"/>
      <line num="5" count="1" type="stmt"/>
      <line num="16" count="1" type="stmt"/>
      <line num="17" count="1" type="stmt"/>
    </file>
  </project>
</coverage>
