{"C:\\Users\\assas\\Music\\DevOps\\DevOps\\escapeverse\\src\\CreateRoom.jsx": {"path":"C:\\Users\\assas\\Music\\DevOps\\DevOps\\escapeverse\\src\\CreateRoom.jsx","statementMap":{"0":{"start":{"line":5,"column":28},"end":{"line":17,"column":5}},"1":{"start":{"line":6,"column":23},"end":{"line":6,"column":31}},"2":{"start":{"line":8,"column":8},"end":{"line":8,"column":45}},"3":{"start":{"line":9,"column":8},"end":{"line":9,"column":51}},"4":{"start":{"line":10,"column":8},"end":{"line":10,"column":51}},"5":{"start":{"line":11,"column":8},"end":{"line":16,"column":9}},"6":{"start":{"line":12,"column":12},"end":{"line":12,"column":71}},"7":{"start":{"line":14,"column":12},"end":{"line":14,"column":58}},"8":{"start":{"line":15,"column":12},"end":{"line":15,"column":30}},"9":{"start":{"line":19,"column":21},"end":{"line":19,"column":34}},"10":{"start":{"line":21,"column":19},"end":{"line":46,"column":5}},"11":{"start":{"line":48,"column":4},"end":{"line":97,"column":6}},"12":{"start":{"line":67,"column":20},"end":{"line":93,"column":26}},"13":{"start":{"line":86,"column":43},"end":{"line":86,"column":69}}},"fnMap":{"0":{"name":"CreateRoom","decl":{"start":{"line":4,"column":9},"end":{"line":4,"column":19}},"loc":{"start":{"line":4,"column":22},"end":{"line":98,"column":1}},"line":4},"1":{"name":"(anonymous_1)","decl":{"start":{"line":5,"column":28},"end":{"line":5,"column":29}},"loc":{"start":{"line":5,"column":42},"end":{"line":17,"column":5}},"line":5},"2":{"name":"(anonymous_2)","decl":{"start":{"line":66,"column":28},"end":{"line":66,"column":29}},"loc":{"start":{"line":67,"column":20},"end":{"line":93,"column":26}},"line":67},"3":{"name":"(anonymous_3)","decl":{"start":{"line":86,"column":37},"end":{"line":86,"column":38}},"loc":{"start":{"line":86,"column":43},"end":{"line":86,"column":69}},"line":86}},"branchMap":{"0":{"loc":{"start":{"line":11,"column":8},"end":{"line":16,"column":9}},"type":"if","locations":[{"start":{"line":11,"column":8},"end":{"line":16,"column":9}},{"start":{"line":13,"column":15},"end":{"line":16,"column":9}}],"line":11}},"s":{"0":11,"1":0,"2":0,"3":0,"4":0,"5":0,"6":0,"7":0,"8":0,"9":11,"10":11,"11":11,"12":33,"13":0},"f":{"0":11,"1":0,"2":33,"3":0},"b":{"0":[0,0]},"_coverageSchema":"1a1c01bbd47fc00a2c39e90264f33305004495a9","hash":"c80c08df52fd6f9962b1eb1c02b1137852522ece"}
,"C:\\Users\\assas\\Music\\DevOps\\DevOps\\escapeverse\\src\\LandingPage.jsx": {"path":"C:\\Users\\assas\\Music\\DevOps\\DevOps\\escapeverse\\src\\LandingPage.jsx","statementMap":{"0":{"start":{"line":12,"column":19},"end":{"line":12,"column":28}},"1":{"start":{"line":13,"column":26},"end":{"line":13,"column":41}},"2":{"start":{"line":14,"column":48},"end":{"line":14,"column":62}},"3":{"start":{"line":15,"column":40},"end":{"line":15,"column":55}},"4":{"start":{"line":16,"column":42},"end":{"line":16,"column":57}},"5":{"start":{"line":17,"column":21},"end":{"line":17,"column":33}},"6":{"start":{"line":19,"column":19},"end":{"line":19,"column":98}},"7":{"start":{"line":20,"column":23},"end":{"line":20,"column":76}},"8":{"start":{"line":23,"column":2},"end":{"line":25,"column":13}},"9":{"start":{"line":24,"column":4},"end":{"line":24,"column":60}},"10":{"start":{"line":27,"column":24},"end":{"line":29,"column":3}},"11":{"start":{"line":28,"column":4},"end":{"line":28,"column":24}},"12":{"start":{"line":31,"column":24},"end":{"line":33,"column":3}},"13":{"start":{"line":32,"column":4},"end":{"line":32,"column":41}},"14":{"start":{"line":36,"column":29},"end":{"line":40,"column":3}},"15":{"start":{"line":37,"column":4},"end":{"line":39,"column":5}},"16":{"start":{"line":38,"column":6},"end":{"line":38,"column":32}},"17":{"start":{"line":42,"column":2},"end":{"line":45,"column":9}},"18":{"start":{"line":43,"column":4},"end":{"line":43,"column":63}},"19":{"start":{"line":44,"column":4},"end":{"line":44,"column":79}},"20":{"start":{"line":44,"column":17},"end":{"line":44,"column":78}},"21":{"start":{"line":48,"column":26},"end":{"line":55,"column":3}},"22":{"start":{"line":49,"column":16},"end":{"line":49,"column":37}},"23":{"start":{"line":50,"column":16},"end":{"line":50,"column":25}},"24":{"start":{"line":51,"column":4},"end":{"line":54,"column":6}},"25":{"start":{"line":57,"column":2},"end":{"line":202,"column":4}},"26":{"start":{"line":84,"column":35},"end":{"line":84,"column":55}},"27":{"start":{"line":92,"column":147},"end":{"line":92,"column":168}},"28":{"start":{"line":147,"column":31},"end":{"line":147,"column":45}},"29":{"start":{"line":198,"column":55},"end":{"line":198,"column":76}},"30":{"start":{"line":199,"column":57},"end":{"line":199,"column":79}}},"fnMap":{"0":{"name":"LandingPage","decl":{"start":{"line":11,"column":24},"end":{"line":11,"column":35}},"loc":{"start":{"line":11,"column":38},"end":{"line":203,"column":1}},"line":11},"1":{"name":"(anonymous_1)","decl":{"start":{"line":23,"column":12},"end":{"line":23,"column":13}},"loc":{"start":{"line":23,"column":18},"end":{"line":25,"column":3}},"line":23},"2":{"name":"(anonymous_2)","decl":{"start":{"line":27,"column":24},"end":{"line":27,"column":25}},"loc":{"start":{"line":27,"column":36},"end":{"line":29,"column":3}},"line":27},"3":{"name":"(anonymous_3)","decl":{"start":{"line":31,"column":24},"end":{"line":31,"column":25}},"loc":{"start":{"line":31,"column":30},"end":{"line":33,"column":3}},"line":31},"4":{"name":"(anonymous_4)","decl":{"start":{"line":36,"column":29},"end":{"line":36,"column":30}},"loc":{"start":{"line":36,"column":36},"end":{"line":40,"column":3}},"line":36},"5":{"name":"(anonymous_5)","decl":{"start":{"line":42,"column":12},"end":{"line":42,"column":13}},"loc":{"start":{"line":42,"column":18},"end":{"line":45,"column":3}},"line":42},"6":{"name":"(anonymous_6)","decl":{"start":{"line":44,"column":11},"end":{"line":44,"column":12}},"loc":{"start":{"line":44,"column":17},"end":{"line":44,"column":78}},"line":44},"7":{"name":"(anonymous_7)","decl":{"start":{"line":48,"column":26},"end":{"line":48,"column":27}},"loc":{"start":{"line":48,"column":37},"end":{"line":55,"column":3}},"line":48},"8":{"name":"(anonymous_8)","decl":{"start":{"line":84,"column":29},"end":{"line":84,"column":30}},"loc":{"start":{"line":84,"column":35},"end":{"line":84,"column":55}},"line":84},"9":{"name":"(anonymous_9)","decl":{"start":{"line":92,"column":141},"end":{"line":92,"column":142}},"loc":{"start":{"line":92,"column":147},"end":{"line":92,"column":168}},"line":92},"10":{"name":"(anonymous_10)","decl":{"start":{"line":147,"column":25},"end":{"line":147,"column":26}},"loc":{"start":{"line":147,"column":31},"end":{"line":147,"column":45}},"line":147},"11":{"name":"(anonymous_11)","decl":{"start":{"line":198,"column":49},"end":{"line":198,"column":50}},"loc":{"start":{"line":198,"column":55},"end":{"line":198,"column":76}},"line":198},"12":{"name":"(anonymous_12)","decl":{"start":{"line":199,"column":51},"end":{"line":199,"column":52}},"loc":{"start":{"line":199,"column":57},"end":{"line":199,"column":79}},"line":199}},"branchMap":{"0":{"loc":{"start":{"line":19,"column":19},"end":{"line":19,"column":98}},"type":"binary-expr","locations":[{"start":{"line":19,"column":19},"end":{"line":19,"column":51}},{"start":{"line":19,"column":55},"end":{"line":19,"column":72}},{"start":{"line":19,"column":76},"end":{"line":19,"column":87}},{"start":{"line":19,"column":91},"end":{"line":19,"column":98}}],"line":19},"1":{"loc":{"start":{"line":20,"column":32},"end":{"line":20,"column":75}},"type":"binary-expr","locations":[{"start":{"line":20,"column":32},"end":{"line":20,"column":68}},{"start":{"line":20,"column":72},"end":{"line":20,"column":75}}],"line":20},"2":{"loc":{"start":{"line":37,"column":4},"end":{"line":39,"column":5}},"type":"if","locations":[{"start":{"line":37,"column":4},"end":{"line":39,"column":5}},{"start":{},"end":{}}],"line":37},"3":{"loc":{"start":{"line":37,"column":8},"end":{"line":37,"column":95}},"type":"binary-expr","locations":[{"start":{"line":37,"column":8},"end":{"line":37,"column":26}},{"start":{"line":37,"column":30},"end":{"line":37,"column":68}},{"start":{"line":37,"column":72},"end":{"line":37,"column":95}}],"line":37},"4":{"loc":{"start":{"line":64,"column":24},"end":{"line":64,"column":57}},"type":"cond-expr","locations":[{"start":{"line":64,"column":42},"end":{"line":64,"column":48}},{"start":{"line":64,"column":51},"end":{"line":64,"column":57}}],"line":64},"5":{"loc":{"start":{"line":69,"column":24},"end":{"line":69,"column":79}},"type":"cond-expr","locations":[{"start":{"line":69,"column":42},"end":{"line":69,"column":60}},{"start":{"line":69,"column":63},"end":{"line":69,"column":79}}],"line":69},"6":{"loc":{"start":{"line":72,"column":13},"end":{"line":72,"column":85}},"type":"cond-expr","locations":[{"start":{"line":72,"column":31},"end":{"line":72,"column":56}},{"start":{"line":72,"column":59},"end":{"line":72,"column":85}}],"line":72},"7":{"loc":{"start":{"line":77,"column":171},"end":{"line":77,"column":204}},"type":"binary-expr","locations":[{"start":{"line":77,"column":171},"end":{"line":77,"column":187}},{"start":{"line":77,"column":191},"end":{"line":77,"column":204}}],"line":77},"8":{"loc":{"start":{"line":78,"column":17},"end":{"line":78,"column":55}},"type":"cond-expr","locations":[{"start":{"line":78,"column":35},"end":{"line":78,"column":48}},{"start":{"line":78,"column":51},"end":{"line":78,"column":55}}],"line":78},"9":{"loc":{"start":{"line":85,"column":136},"end":{"line":85,"column":183}},"type":"cond-expr","locations":[{"start":{"line":85,"column":155},"end":{"line":85,"column":178}},{"start":{"line":85,"column":181},"end":{"line":85,"column":183}}],"line":85},"10":{"loc":{"start":{"line":88,"column":21},"end":{"line":88,"column":84}},"type":"binary-expr","locations":[{"start":{"line":88,"column":21},"end":{"line":88,"column":36}},{"start":{"line":88,"column":40},"end":{"line":88,"column":84}}],"line":88},"11":{"loc":{"start":{"line":92,"column":92},"end":{"line":92,"column":128}},"type":"binary-expr","locations":[{"start":{"line":92,"column":92},"end":{"line":92,"column":108}},{"start":{"line":92,"column":112},"end":{"line":92,"column":128}}],"line":92},"12":{"loc":{"start":{"line":94,"column":19},"end":{"line":94,"column":83}},"type":"binary-expr","locations":[{"start":{"line":94,"column":19},"end":{"line":94,"column":34}},{"start":{"line":94,"column":38},"end":{"line":94,"column":83}}],"line":94},"13":{"loc":{"start":{"line":100,"column":15},"end":{"line":102,"column":15}},"type":"binary-expr","locations":[{"start":{"line":100,"column":15},"end":{"line":100,"column":30}},{"start":{"line":101,"column":16},"end":{"line":101,"column":113}}],"line":100},"14":{"loc":{"start":{"line":103,"column":44},"end":{"line":103,"column":91}},"type":"cond-expr","locations":[{"start":{"line":103,"column":63},"end":{"line":103,"column":86}},{"start":{"line":103,"column":89},"end":{"line":103,"column":91}}],"line":103},"15":{"loc":{"start":{"line":106,"column":25},"end":{"line":106,"column":75}},"type":"cond-expr","locations":[{"start":{"line":106,"column":32},"end":{"line":106,"column":52}},{"start":{"line":106,"column":55},"end":{"line":106,"column":75}}],"line":106},"16":{"loc":{"start":{"line":110,"column":30},"end":{"line":110,"column":71}},"type":"cond-expr","locations":[{"start":{"line":110,"column":37},"end":{"line":110,"column":62}},{"start":{"line":110,"column":65},"end":{"line":110,"column":71}}],"line":110},"17":{"loc":{"start":{"line":151,"column":17},"end":{"line":151,"column":96}},"type":"cond-expr","locations":[{"start":{"line":151,"column":24},"end":{"line":151,"column":59}},{"start":{"line":151,"column":62},"end":{"line":151,"column":96}}],"line":151},"18":{"loc":{"start":{"line":198,"column":9},"end":{"line":198,"column":80}},"type":"binary-expr","locations":[{"start":{"line":198,"column":9},"end":{"line":198,"column":20}},{"start":{"line":198,"column":24},"end":{"line":198,"column":80}}],"line":198},"19":{"loc":{"start":{"line":199,"column":9},"end":{"line":199,"column":83}},"type":"binary-expr","locations":[{"start":{"line":199,"column":9},"end":{"line":199,"column":21}},{"start":{"line":199,"column":25},"end":{"line":199,"column":83}}],"line":199}},"s":{"0":8,"1":8,"2":8,"3":8,"4":8,"5":8,"6":8,"7":8,"8":8,"9":8,"10":8,"11":0,"12":8,"13":0,"14":8,"15":0,"16":0,"17":8,"18":8,"19":8,"20":8,"21":8,"22":16,"23":16,"24":16,"25":8,"26":0,"27":0,"28":0,"29":0,"30":0},"f":{"0":8,"1":8,"2":0,"3":0,"4":0,"5":8,"6":8,"7":16,"8":0,"9":0,"10":0,"11":0,"12":0},"b":{"0":[8,8,7,7],"1":[8,8],"2":[0,0],"3":[0,0,0],"4":[8,0],"5":[8,0],"6":[8,0],"7":[8,0],"8":[8,0],"9":[0,8],"10":[8,8],"11":[8,0],"12":[8,8],"13":[8,8],"14":[0,8],"15":[0,8],"16":[0,8],"17":[0,8],"18":[8,0],"19":[8,0]},"_coverageSchema":"1a1c01bbd47fc00a2c39e90264f33305004495a9","hash":"52d2a54afdb512154864159402d69ec435db826b"}
,"C:\\Users\\assas\\Music\\DevOps\\DevOps\\escapeverse\\src\\RoomLobby.jsx": {"path":"C:\\Users\\assas\\Music\\DevOps\\DevOps\\escapeverse\\src\\RoomLobby.jsx","statementMap":{"0":{"start":{"line":7,"column":21},"end":{"line":7,"column":32}},"1":{"start":{"line":8,"column":25},"end":{"line":8,"column":42}},"2":{"start":{"line":10,"column":16},"end":{"line":10,"column":51}},"3":{"start":{"line":11,"column":32},"end":{"line":11,"column":44}},"4":{"start":{"line":12,"column":30},"end":{"line":12,"column":45}},"5":{"start":{"line":13,"column":30},"end":{"line":13,"column":44}},"6":{"start":{"line":14,"column":19},"end":{"line":14,"column":42}},"7":{"start":{"line":15,"column":19},"end":{"line":15,"column":32}},"8":{"start":{"line":16,"column":20},"end":{"line":16,"column":32}},"9":{"start":{"line":17,"column":20},"end":{"line":17,"column":33}},"10":{"start":{"line":19,"column":2},"end":{"line":95,"column":52}},"11":{"start":{"line":20,"column":4},"end":{"line":20,"column":72}},"12":{"start":{"line":21,"column":4},"end":{"line":21,"column":73}},"13":{"start":{"line":22,"column":4},"end":{"line":22,"column":75}},"14":{"start":{"line":23,"column":4},"end":{"line":23,"column":78}},"15":{"start":{"line":26,"column":4},"end":{"line":26,"column":52}},"16":{"start":{"line":29,"column":4},"end":{"line":43,"column":7}},"17":{"start":{"line":30,"column":6},"end":{"line":30,"column":48}},"18":{"start":{"line":32,"column":6},"end":{"line":42,"column":7}},"19":{"start":{"line":33,"column":8},"end":{"line":33,"column":25}},"20":{"start":{"line":34,"column":13},"end":{"line":42,"column":7}},"21":{"start":{"line":35,"column":8},"end":{"line":35,"column":33}},"22":{"start":{"line":36,"column":8},"end":{"line":36,"column":31}},"23":{"start":{"line":39,"column":8},"end":{"line":41,"column":9}},"24":{"start":{"line":40,"column":10},"end":{"line":40,"column":26}},"25":{"start":{"line":45,"column":4},"end":{"line":49,"column":7}},"26":{"start":{"line":46,"column":24},"end":{"line":46,"column":48}},"27":{"start":{"line":47,"column":6},"end":{"line":47,"column":95}},"28":{"start":{"line":48,"column":6},"end":{"line":48,"column":47}},"29":{"start":{"line":51,"column":4},"end":{"line":54,"column":7}},"30":{"start":{"line":52,"column":6},"end":{"line":52,"column":55}},"31":{"start":{"line":53,"column":6},"end":{"line":53,"column":28}},"32":{"start":{"line":57,"column":4},"end":{"line":85,"column":5}},"33":{"start":{"line":58,"column":6},"end":{"line":58,"column":56}},"34":{"start":{"line":61,"column":24},"end":{"line":63,"column":56}},"35":{"start":{"line":65,"column":6},"end":{"line":65,"column":44}},"36":{"start":{"line":67,"column":6},"end":{"line":71,"column":9}},"37":{"start":{"line":73,"column":6},"end":{"line":73,"column":31}},"38":{"start":{"line":76,"column":6},"end":{"line":78,"column":7}},"39":{"start":{"line":77,"column":8},"end":{"line":77,"column":24}},"40":{"start":{"line":81,"column":6},"end":{"line":84,"column":7}},"41":{"start":{"line":82,"column":8},"end":{"line":82,"column":46}},"42":{"start":{"line":83,"column":8},"end":{"line":83,"column":46}},"43":{"start":{"line":88,"column":4},"end":{"line":94,"column":6}},"44":{"start":{"line":89,"column":6},"end":{"line":92,"column":7}},"45":{"start":{"line":90,"column":8},"end":{"line":90,"column":53}},"46":{"start":{"line":91,"column":8},"end":{"line":91,"column":39}},"47":{"start":{"line":93,"column":6},"end":{"line":93,"column":32}},"48":{"start":{"line":97,"column":26},"end":{"line":105,"column":3}},"49":{"start":{"line":98,"column":4},"end":{"line":98,"column":62}},"50":{"start":{"line":99,"column":4},"end":{"line":101,"column":5}},"51":{"start":{"line":100,"column":6},"end":{"line":100,"column":62}},"52":{"start":{"line":102,"column":4},"end":{"line":102,"column":65}},"53":{"start":{"line":107,"column":23},"end":{"line":113,"column":3}},"54":{"start":{"line":108,"column":4},"end":{"line":112,"column":7}},"55":{"start":{"line":109,"column":6},"end":{"line":109,"column":46}},"56":{"start":{"line":111,"column":6},"end":{"line":111,"column":54}},"57":{"start":{"line":115,"column":2},"end":{"line":187,"column":4}},"58":{"start":{"line":162,"column":14},"end":{"line":166,"column":19}}},"fnMap":{"0":{"name":"RoomLobby","decl":{"start":{"line":6,"column":9},"end":{"line":6,"column":18}},"loc":{"start":{"line":6,"column":21},"end":{"line":188,"column":1}},"line":6},"1":{"name":"(anonymous_1)","decl":{"start":{"line":19,"column":12},"end":{"line":19,"column":13}},"loc":{"start":{"line":19,"column":18},"end":{"line":95,"column":3}},"line":19},"2":{"name":"(anonymous_2)","decl":{"start":{"line":29,"column":41},"end":{"line":29,"column":42}},"loc":{"start":{"line":29,"column":51},"end":{"line":43,"column":5}},"line":29},"3":{"name":"(anonymous_3)","decl":{"start":{"line":45,"column":39},"end":{"line":45,"column":40}},"loc":{"start":{"line":45,"column":53},"end":{"line":49,"column":5}},"line":45},"4":{"name":"(anonymous_4)","decl":{"start":{"line":51,"column":40},"end":{"line":51,"column":41}},"loc":{"start":{"line":51,"column":56},"end":{"line":54,"column":5}},"line":51},"5":{"name":"(anonymous_5)","decl":{"start":{"line":88,"column":11},"end":{"line":88,"column":12}},"loc":{"start":{"line":88,"column":17},"end":{"line":94,"column":5}},"line":88},"6":{"name":"(anonymous_6)","decl":{"start":{"line":97,"column":26},"end":{"line":97,"column":27}},"loc":{"start":{"line":97,"column":32},"end":{"line":105,"column":3}},"line":97},"7":{"name":"(anonymous_7)","decl":{"start":{"line":107,"column":23},"end":{"line":107,"column":24}},"loc":{"start":{"line":107,"column":29},"end":{"line":113,"column":3}},"line":107},"8":{"name":"(anonymous_8)","decl":{"start":{"line":108,"column":47},"end":{"line":108,"column":48}},"loc":{"start":{"line":108,"column":53},"end":{"line":110,"column":5}},"line":108},"9":{"name":"(anonymous_9)","decl":{"start":{"line":110,"column":13},"end":{"line":110,"column":14}},"loc":{"start":{"line":110,"column":22},"end":{"line":112,"column":5}},"line":110},"10":{"name":"(anonymous_10)","decl":{"start":{"line":161,"column":24},"end":{"line":161,"column":25}},"loc":{"start":{"line":162,"column":14},"end":{"line":166,"column":19}},"line":162}},"branchMap":{"0":{"loc":{"start":{"line":10,"column":16},"end":{"line":10,"column":51}},"type":"binary-expr","locations":[{"start":{"line":10,"column":16},"end":{"line":10,"column":41}},{"start":{"line":10,"column":45},"end":{"line":10,"column":51}}],"line":10},"1":{"loc":{"start":{"line":32,"column":6},"end":{"line":42,"column":7}},"type":"if","locations":[{"start":{"line":32,"column":6},"end":{"line":42,"column":7}},{"start":{"line":34,"column":13},"end":{"line":42,"column":7}}],"line":32},"2":{"loc":{"start":{"line":34,"column":13},"end":{"line":42,"column":7}},"type":"if","locations":[{"start":{"line":34,"column":13},"end":{"line":42,"column":7}},{"start":{},"end":{}}],"line":34},"3":{"loc":{"start":{"line":34,"column":17},"end":{"line":34,"column":37}},"type":"binary-expr","locations":[{"start":{"line":34,"column":17},"end":{"line":34,"column":21}},{"start":{"line":34,"column":25},"end":{"line":34,"column":37}}],"line":34},"4":{"loc":{"start":{"line":39,"column":8},"end":{"line":41,"column":9}},"type":"if","locations":[{"start":{"line":39,"column":8},"end":{"line":41,"column":9}},{"start":{},"end":{}}],"line":39},"5":{"loc":{"start":{"line":46,"column":24},"end":{"line":46,"column":48}},"type":"binary-expr","locations":[{"start":{"line":46,"column":24},"end":{"line":46,"column":39}},{"start":{"line":46,"column":43},"end":{"line":46,"column":48}}],"line":46},"6":{"loc":{"start":{"line":57,"column":4},"end":{"line":85,"column":5}},"type":"if","locations":[{"start":{"line":57,"column":4},"end":{"line":85,"column":5}},{"start":{},"end":{}}],"line":57},"7":{"loc":{"start":{"line":57,"column":8},"end":{"line":57,"column":34}},"type":"binary-expr","locations":[{"start":{"line":57,"column":8},"end":{"line":57,"column":12}},{"start":{"line":57,"column":16},"end":{"line":57,"column":34}}],"line":57},"8":{"loc":{"start":{"line":61,"column":24},"end":{"line":63,"column":56}},"type":"binary-expr","locations":[{"start":{"line":61,"column":24},"end":{"line":61,"column":51}},{"start":{"line":62,"column":9},"end":{"line":62,"column":54}},{"start":{"line":63,"column":10},"end":{"line":63,"column":55}}],"line":61},"9":{"loc":{"start":{"line":76,"column":6},"end":{"line":78,"column":7}},"type":"if","locations":[{"start":{"line":76,"column":6},"end":{"line":78,"column":7}},{"start":{},"end":{}}],"line":76},"10":{"loc":{"start":{"line":81,"column":6},"end":{"line":84,"column":7}},"type":"if","locations":[{"start":{"line":81,"column":6},"end":{"line":84,"column":7}},{"start":{},"end":{}}],"line":81},"11":{"loc":{"start":{"line":89,"column":6},"end":{"line":92,"column":7}},"type":"if","locations":[{"start":{"line":89,"column":6},"end":{"line":92,"column":7}},{"start":{},"end":{}}],"line":89},"12":{"loc":{"start":{"line":99,"column":4},"end":{"line":101,"column":5}},"type":"if","locations":[{"start":{"line":99,"column":4},"end":{"line":101,"column":5}},{"start":{},"end":{}}],"line":99},"13":{"loc":{"start":{"line":160,"column":11},"end":{"line":170,"column":11}},"type":"cond-expr","locations":[{"start":{"line":161,"column":12},"end":{"line":167,"column":14}},{"start":{"line":169,"column":12},"end":{"line":169,"column":63}}],"line":160},"14":{"loc":{"start":{"line":160,"column":11},"end":{"line":160,"column":40}},"type":"binary-expr","locations":[{"start":{"line":160,"column":11},"end":{"line":160,"column":18}},{"start":{"line":160,"column":22},"end":{"line":160,"column":40}}],"line":160},"15":{"loc":{"start":{"line":163,"column":17},"end":{"line":163,"column":49}},"type":"binary-expr","locations":[{"start":{"line":163,"column":17},"end":{"line":163,"column":27}},{"start":{"line":163,"column":31},"end":{"line":163,"column":49}}],"line":163},"16":{"loc":{"start":{"line":164,"column":17},"end":{"line":164,"column":63}},"type":"cond-expr","locations":[{"start":{"line":164,"column":50},"end":{"line":164,"column":58}},{"start":{"line":164,"column":61},"end":{"line":164,"column":63}}],"line":164},"17":{"loc":{"start":{"line":165,"column":17},"end":{"line":165,"column":49}},"type":"cond-expr","locations":[{"start":{"line":165,"column":35},"end":{"line":165,"column":44}},{"start":{"line":165,"column":47},"end":{"line":165,"column":49}}],"line":165},"18":{"loc":{"start":{"line":174,"column":7},"end":{"line":185,"column":7}},"type":"cond-expr","locations":[{"start":{"line":175,"column":8},"end":{"line":180,"column":17}},{"start":{"line":182,"column":8},"end":{"line":184,"column":14}}],"line":174}},"s":{"0":6,"1":6,"2":6,"3":6,"4":6,"5":6,"6":6,"7":6,"8":6,"9":6,"10":6,"11":6,"12":6,"13":6,"14":6,"15":6,"16":6,"17":0,"18":0,"19":0,"20":0,"21":0,"22":0,"23":0,"24":0,"25":6,"26":0,"27":0,"28":0,"29":6,"30":0,"31":0,"32":6,"33":6,"34":6,"35":6,"36":6,"37":6,"38":6,"39":0,"40":6,"41":6,"42":6,"43":6,"44":6,"45":6,"46":6,"47":6,"48":6,"49":0,"50":0,"51":0,"52":0,"53":6,"54":0,"55":0,"56":0,"57":6,"58":0},"f":{"0":6,"1":6,"2":0,"3":0,"4":0,"5":6,"6":0,"7":0,"8":0,"9":0,"10":0},"b":{"0":[6,0],"1":[0,0],"2":[0,0],"3":[0,0],"4":[0,0],"5":[0,0],"6":[6,0],"7":[6,6],"8":[6,6,0],"9":[0,6],"10":[6,0],"11":[6,0],"12":[0,0],"13":[0,6],"14":[6,6],"15":[0,0],"16":[0,0],"17":[0,0],"18":[0,6]},"_coverageSchema":"1a1c01bbd47fc00a2c39e90264f33305004495a9","hash":"3e7a010913babe4c73087b5b67569c58f2173869"}
,"C:\\Users\\assas\\Music\\DevOps\\DevOps\\escapeverse\\src\\UserContext.jsx": {"path":"C:\\Users\\assas\\Music\\DevOps\\DevOps\\escapeverse\\src\\UserContext.jsx","statementMap":{"0":{"start":{"line":7,"column":27},"end":{"line":7,"column":72}},"1":{"start":{"line":11,"column":26},"end":{"line":11,"column":40}},"2":{"start":{"line":12,"column":32},"end":{"line":12,"column":46}},"3":{"start":{"line":14,"column":2},"end":{"line":26,"column":14}},"4":{"start":{"line":16,"column":4},"end":{"line":25,"column":5}},"5":{"start":{"line":17,"column":26},"end":{"line":20,"column":8}},"6":{"start":{"line":18,"column":8},"end":{"line":18,"column":29}},"7":{"start":{"line":19,"column":8},"end":{"line":19,"column":26}},"8":{"start":{"line":21,"column":6},"end":{"line":21,"column":33}},"9":{"start":{"line":21,"column":19},"end":{"line":21,"column":32}},"10":{"start":{"line":24,"column":6},"end":{"line":24,"column":24}},"11":{"start":{"line":29,"column":23},"end":{"line":29,"column":49}},"12":{"start":{"line":31,"column":2},"end":{"line":35,"column":4}},"13":{"start":{"line":39,"column":23},"end":{"line":39,"column":52}},"14":{"start":{"line":39,"column":29},"end":{"line":39,"column":52}}},"fnMap":{"0":{"name":"UserProvider","decl":{"start":{"line":10,"column":16},"end":{"line":10,"column":28}},"loc":{"start":{"line":10,"column":50},"end":{"line":36,"column":1}},"line":10},"1":{"name":"(anonymous_1)","decl":{"start":{"line":14,"column":12},"end":{"line":14,"column":13}},"loc":{"start":{"line":14,"column":18},"end":{"line":26,"column":3}},"line":14},"2":{"name":"(anonymous_2)","decl":{"start":{"line":17,"column":51},"end":{"line":17,"column":52}},"loc":{"start":{"line":17,"column":68},"end":{"line":20,"column":7}},"line":17},"3":{"name":"(anonymous_3)","decl":{"start":{"line":21,"column":13},"end":{"line":21,"column":14}},"loc":{"start":{"line":21,"column":19},"end":{"line":21,"column":32}},"line":21},"4":{"name":"(anonymous_4)","decl":{"start":{"line":39,"column":23},"end":{"line":39,"column":24}},"loc":{"start":{"line":39,"column":29},"end":{"line":39,"column":52}},"line":39}},"branchMap":{"0":{"loc":{"start":{"line":16,"column":4},"end":{"line":25,"column":5}},"type":"if","locations":[{"start":{"line":16,"column":4},"end":{"line":25,"column":5}},{"start":{"line":22,"column":11},"end":{"line":25,"column":5}}],"line":16},"1":{"loc":{"start":{"line":29,"column":23},"end":{"line":29,"column":49}},"type":"binary-expr","locations":[{"start":{"line":29,"column":23},"end":{"line":29,"column":28}},{"start":{"line":29,"column":32},"end":{"line":29,"column":49}}],"line":29}},"s":{"0":2,"1":0,"2":0,"3":0,"4":0,"5":0,"6":0,"7":0,"8":0,"9":0,"10":0,"11":0,"12":0,"13":2,"14":8},"f":{"0":0,"1":0,"2":0,"3":0,"4":8},"b":{"0":[0,0],"1":[0,0]},"_coverageSchema":"1a1c01bbd47fc00a2c39e90264f33305004495a9","hash":"52dcd190ac4984a92104cd51b6de2724884d736c"}
,"C:\\Users\\assas\\Music\\DevOps\\DevOps\\escapeverse\\src\\firebase.js": {"path":"C:\\Users\\assas\\Music\\DevOps\\DevOps\\escapeverse\\src\\firebase.js","statementMap":{"0":{"start":{"line":5,"column":23},"end":{"line":13,"column":1}},"1":{"start":{"line":16,"column":12},"end":{"line":16,"column":41}},"2":{"start":{"line":17,"column":20},"end":{"line":17,"column":32}}},"fnMap":{},"branchMap":{},"s":{"0":1,"1":1,"2":1},"f":{},"b":{},"_coverageSchema":"1a1c01bbd47fc00a2c39e90264f33305004495a9","hash":"69ab707ce1f394c73897ef491d47b4bea65285d1"}
}
