{"C:\\Users\\assas\\Music\\DevOps\\DevOps\\escapeverse\\src\\CreateRoom.jsx": {"path":"C:\\Users\\assas\\Music\\DevOps\\DevOps\\escapeverse\\src\\CreateRoom.jsx","statementMap":{"0":{"start":{"line":5,"column":28},"end":{"line":17,"column":5}},"1":{"start":{"line":6,"column":23},"end":{"line":6,"column":31}},"2":{"start":{"line":8,"column":8},"end":{"line":8,"column":45}},"3":{"start":{"line":9,"column":8},"end":{"line":9,"column":51}},"4":{"start":{"line":10,"column":8},"end":{"line":10,"column":51}},"5":{"start":{"line":11,"column":8},"end":{"line":16,"column":9}},"6":{"start":{"line":12,"column":12},"end":{"line":12,"column":71}},"7":{"start":{"line":14,"column":12},"end":{"line":14,"column":58}},"8":{"start":{"line":15,"column":12},"end":{"line":15,"column":30}},"9":{"start":{"line":19,"column":21},"end":{"line":19,"column":34}},"10":{"start":{"line":21,"column":19},"end":{"line":46,"column":5}},"11":{"start":{"line":48,"column":4},"end":{"line":97,"column":6}},"12":{"start":{"line":67,"column":20},"end":{"line":93,"column":26}},"13":{"start":{"line":86,"column":43},"end":{"line":86,"column":69}}},"fnMap":{"0":{"name":"CreateRoom","decl":{"start":{"line":4,"column":9},"end":{"line":4,"column":19}},"loc":{"start":{"line":4,"column":22},"end":{"line":98,"column":1}},"line":4},"1":{"name":"(anonymous_1)","decl":{"start":{"line":5,"column":28},"end":{"line":5,"column":29}},"loc":{"start":{"line":5,"column":42},"end":{"line":17,"column":5}},"line":5},"2":{"name":"(anonymous_2)","decl":{"start":{"line":66,"column":28},"end":{"line":66,"column":29}},"loc":{"start":{"line":67,"column":20},"end":{"line":93,"column":26}},"line":67},"3":{"name":"(anonymous_3)","decl":{"start":{"line":86,"column":37},"end":{"line":86,"column":38}},"loc":{"start":{"line":86,"column":43},"end":{"line":86,"column":69}},"line":86}},"branchMap":{"0":{"loc":{"start":{"line":11,"column":8},"end":{"line":16,"column":9}},"type":"if","locations":[{"start":{"line":11,"column":8},"end":{"line":16,"column":9}},{"start":{"line":13,"column":15},"end":{"line":16,"column":9}}],"line":11}},"s":{"0":11,"1":0,"2":0,"3":0,"4":0,"5":0,"6":0,"7":0,"8":0,"9":11,"10":11,"11":11,"12":33,"13":0},"f":{"0":11,"1":0,"2":33,"3":0},"b":{"0":[0,0]},"_coverageSchema":"1a1c01bbd47fc00a2c39e90264f33305004495a9","hash":"c80c08df52fd6f9962b1eb1c02b1137852522ece"}
,"C:\\Users\\assas\\Music\\DevOps\\DevOps\\escapeverse\\src\\LandingPage.jsx": {"path":"C:\\Users\\assas\\Music\\DevOps\\DevOps\\escapeverse\\src\\LandingPage.jsx","statementMap":{"0":{"start":{"line":12,"column":19},"end":{"line":12,"column":28}},"1":{"start":{"line":13,"column":26},"end":{"line":13,"column":41}},"2":{"start":{"line":14,"column":48},"end":{"line":14,"column":62}},"3":{"start":{"line":15,"column":40},"end":{"line":15,"column":55}},"4":{"start":{"line":16,"column":42},"end":{"line":16,"column":57}},"5":{"start":{"line":17,"column":21},"end":{"line":17,"column":33}},"6":{"start":{"line":19,"column":19},"end":{"line":19,"column":98}},"7":{"start":{"line":20,"column":23},"end":{"line":20,"column":76}},"8":{"start":{"line":23,"column":2},"end":{"line":25,"column":13}},"9":{"start":{"line":24,"column":4},"end":{"line":24,"column":60}},"10":{"start":{"line":27,"column":24},"end":{"line":29,"column":3}},"11":{"start":{"line":28,"column":4},"end":{"line":28,"column":24}},"12":{"start":{"line":31,"column":24},"end":{"line":33,"column":3}},"13":{"start":{"line":32,"column":4},"end":{"line":32,"column":41}},"14":{"start":{"line":36,"column":29},"end":{"line":40,"column":3}},"15":{"start":{"line":37,"column":4},"end":{"line":39,"column":5}},"16":{"start":{"line":38,"column":6},"end":{"line":38,"column":32}},"17":{"start":{"line":42,"column":2},"end":{"line":45,"column":9}},"18":{"start":{"line":43,"column":4},"end":{"line":43,"column":63}},"19":{"start":{"line":44,"column":4},"end":{"line":44,"column":79}},"20":{"start":{"line":44,"column":17},"end":{"line":44,"column":78}},"21":{"start":{"line":48,"column":26},"end":{"line":55,"column":3}},"22":{"start":{"line":49,"column":16},"end":{"line":49,"column":37}},"23":{"start":{"line":50,"column":16},"end":{"line":50,"column":25}},"24":{"start":{"line":51,"column":4},"end":{"line":54,"column":6}},"25":{"start":{"line":57,"column":2},"end":{"line":203,"column":4}},"26":{"start":{"line":84,"column":35},"end":{"line":84,"column":55}},"27":{"start":{"line":92,"column":147},"end":{"line":92,"column":168}},"28":{"start":{"line":148,"column":31},"end":{"line":148,"column":45}},"29":{"start":{"line":199,"column":55},"end":{"line":199,"column":76}},"30":{"start":{"line":200,"column":57},"end":{"line":200,"column":79}}},"fnMap":{"0":{"name":"LandingPage","decl":{"start":{"line":11,"column":24},"end":{"line":11,"column":35}},"loc":{"start":{"line":11,"column":38},"end":{"line":204,"column":1}},"line":11},"1":{"name":"(anonymous_1)","decl":{"start":{"line":23,"column":12},"end":{"line":23,"column":13}},"loc":{"start":{"line":23,"column":18},"end":{"line":25,"column":3}},"line":23},"2":{"name":"(anonymous_2)","decl":{"start":{"line":27,"column":24},"end":{"line":27,"column":25}},"loc":{"start":{"line":27,"column":36},"end":{"line":29,"column":3}},"line":27},"3":{"name":"(anonymous_3)","decl":{"start":{"line":31,"column":24},"end":{"line":31,"column":25}},"loc":{"start":{"line":31,"column":30},"end":{"line":33,"column":3}},"line":31},"4":{"name":"(anonymous_4)","decl":{"start":{"line":36,"column":29},"end":{"line":36,"column":30}},"loc":{"start":{"line":36,"column":36},"end":{"line":40,"column":3}},"line":36},"5":{"name":"(anonymous_5)","decl":{"start":{"line":42,"column":12},"end":{"line":42,"column":13}},"loc":{"start":{"line":42,"column":18},"end":{"line":45,"column":3}},"line":42},"6":{"name":"(anonymous_6)","decl":{"start":{"line":44,"column":11},"end":{"line":44,"column":12}},"loc":{"start":{"line":44,"column":17},"end":{"line":44,"column":78}},"line":44},"7":{"name":"(anonymous_7)","decl":{"start":{"line":48,"column":26},"end":{"line":48,"column":27}},"loc":{"start":{"line":48,"column":37},"end":{"line":55,"column":3}},"line":48},"8":{"name":"(anonymous_8)","decl":{"start":{"line":84,"column":29},"end":{"line":84,"column":30}},"loc":{"start":{"line":84,"column":35},"end":{"line":84,"column":55}},"line":84},"9":{"name":"(anonymous_9)","decl":{"start":{"line":92,"column":141},"end":{"line":92,"column":142}},"loc":{"start":{"line":92,"column":147},"end":{"line":92,"column":168}},"line":92},"10":{"name":"(anonymous_10)","decl":{"start":{"line":148,"column":25},"end":{"line":148,"column":26}},"loc":{"start":{"line":148,"column":31},"end":{"line":148,"column":45}},"line":148},"11":{"name":"(anonymous_11)","decl":{"start":{"line":199,"column":49},"end":{"line":199,"column":50}},"loc":{"start":{"line":199,"column":55},"end":{"line":199,"column":76}},"line":199},"12":{"name":"(anonymous_12)","decl":{"start":{"line":200,"column":51},"end":{"line":200,"column":52}},"loc":{"start":{"line":200,"column":57},"end":{"line":200,"column":79}},"line":200}},"branchMap":{"0":{"loc":{"start":{"line":19,"column":19},"end":{"line":19,"column":98}},"type":"binary-expr","locations":[{"start":{"line":19,"column":19},"end":{"line":19,"column":51}},{"start":{"line":19,"column":55},"end":{"line":19,"column":72}},{"start":{"line":19,"column":76},"end":{"line":19,"column":87}},{"start":{"line":19,"column":91},"end":{"line":19,"column":98}}],"line":19},"1":{"loc":{"start":{"line":20,"column":32},"end":{"line":20,"column":75}},"type":"binary-expr","locations":[{"start":{"line":20,"column":32},"end":{"line":20,"column":68}},{"start":{"line":20,"column":72},"end":{"line":20,"column":75}}],"line":20},"2":{"loc":{"start":{"line":37,"column":4},"end":{"line":39,"column":5}},"type":"if","locations":[{"start":{"line":37,"column":4},"end":{"line":39,"column":5}},{"start":{},"end":{}}],"line":37},"3":{"loc":{"start":{"line":37,"column":8},"end":{"line":37,"column":95}},"type":"binary-expr","locations":[{"start":{"line":37,"column":8},"end":{"line":37,"column":26}},{"start":{"line":37,"column":30},"end":{"line":37,"column":68}},{"start":{"line":37,"column":72},"end":{"line":37,"column":95}}],"line":37},"4":{"loc":{"start":{"line":64,"column":24},"end":{"line":64,"column":57}},"type":"cond-expr","locations":[{"start":{"line":64,"column":42},"end":{"line":64,"column":48}},{"start":{"line":64,"column":51},"end":{"line":64,"column":57}}],"line":64},"5":{"loc":{"start":{"line":69,"column":24},"end":{"line":69,"column":79}},"type":"cond-expr","locations":[{"start":{"line":69,"column":42},"end":{"line":69,"column":60}},{"start":{"line":69,"column":63},"end":{"line":69,"column":79}}],"line":69},"6":{"loc":{"start":{"line":72,"column":13},"end":{"line":72,"column":85}},"type":"cond-expr","locations":[{"start":{"line":72,"column":31},"end":{"line":72,"column":56}},{"start":{"line":72,"column":59},"end":{"line":72,"column":85}}],"line":72},"7":{"loc":{"start":{"line":77,"column":171},"end":{"line":77,"column":204}},"type":"binary-expr","locations":[{"start":{"line":77,"column":171},"end":{"line":77,"column":187}},{"start":{"line":77,"column":191},"end":{"line":77,"column":204}}],"line":77},"8":{"loc":{"start":{"line":78,"column":17},"end":{"line":78,"column":55}},"type":"cond-expr","locations":[{"start":{"line":78,"column":35},"end":{"line":78,"column":48}},{"start":{"line":78,"column":51},"end":{"line":78,"column":55}}],"line":78},"9":{"loc":{"start":{"line":85,"column":136},"end":{"line":85,"column":183}},"type":"cond-expr","locations":[{"start":{"line":85,"column":155},"end":{"line":85,"column":178}},{"start":{"line":85,"column":181},"end":{"line":85,"column":183}}],"line":85},"10":{"loc":{"start":{"line":88,"column":21},"end":{"line":88,"column":84}},"type":"binary-expr","locations":[{"start":{"line":88,"column":21},"end":{"line":88,"column":36}},{"start":{"line":88,"column":40},"end":{"line":88,"column":84}}],"line":88},"11":{"loc":{"start":{"line":92,"column":92},"end":{"line":92,"column":128}},"type":"binary-expr","locations":[{"start":{"line":92,"column":92},"end":{"line":92,"column":108}},{"start":{"line":92,"column":112},"end":{"line":92,"column":128}}],"line":92},"12":{"loc":{"start":{"line":94,"column":19},"end":{"line":94,"column":83}},"type":"binary-expr","locations":[{"start":{"line":94,"column":19},"end":{"line":94,"column":34}},{"start":{"line":94,"column":38},"end":{"line":94,"column":83}}],"line":94},"13":{"loc":{"start":{"line":100,"column":15},"end":{"line":102,"column":15}},"type":"binary-expr","locations":[{"start":{"line":100,"column":15},"end":{"line":100,"column":30}},{"start":{"line":101,"column":16},"end":{"line":101,"column":113}}],"line":100},"14":{"loc":{"start":{"line":103,"column":44},"end":{"line":103,"column":91}},"type":"cond-expr","locations":[{"start":{"line":103,"column":63},"end":{"line":103,"column":86}},{"start":{"line":103,"column":89},"end":{"line":103,"column":91}}],"line":103},"15":{"loc":{"start":{"line":106,"column":25},"end":{"line":106,"column":75}},"type":"cond-expr","locations":[{"start":{"line":106,"column":32},"end":{"line":106,"column":52}},{"start":{"line":106,"column":55},"end":{"line":106,"column":75}}],"line":106},"16":{"loc":{"start":{"line":110,"column":30},"end":{"line":110,"column":71}},"type":"cond-expr","locations":[{"start":{"line":110,"column":37},"end":{"line":110,"column":62}},{"start":{"line":110,"column":65},"end":{"line":110,"column":71}}],"line":110},"17":{"loc":{"start":{"line":152,"column":17},"end":{"line":152,"column":96}},"type":"cond-expr","locations":[{"start":{"line":152,"column":24},"end":{"line":152,"column":59}},{"start":{"line":152,"column":62},"end":{"line":152,"column":96}}],"line":152},"18":{"loc":{"start":{"line":199,"column":9},"end":{"line":199,"column":80}},"type":"binary-expr","locations":[{"start":{"line":199,"column":9},"end":{"line":199,"column":20}},{"start":{"line":199,"column":24},"end":{"line":199,"column":80}}],"line":199},"19":{"loc":{"start":{"line":200,"column":9},"end":{"line":200,"column":83}},"type":"binary-expr","locations":[{"start":{"line":200,"column":9},"end":{"line":200,"column":21}},{"start":{"line":200,"column":25},"end":{"line":200,"column":83}}],"line":200}},"s":{"0":8,"1":8,"2":8,"3":8,"4":8,"5":8,"6":8,"7":8,"8":8,"9":8,"10":8,"11":0,"12":8,"13":0,"14":8,"15":0,"16":0,"17":8,"18":8,"19":8,"20":8,"21":8,"22":16,"23":16,"24":16,"25":8,"26":0,"27":0,"28":0,"29":0,"30":0},"f":{"0":8,"1":8,"2":0,"3":0,"4":0,"5":8,"6":8,"7":16,"8":0,"9":0,"10":0,"11":0,"12":0},"b":{"0":[8,8,7,7],"1":[8,8],"2":[0,0],"3":[0,0,0],"4":[8,0],"5":[8,0],"6":[8,0],"7":[8,0],"8":[8,0],"9":[0,8],"10":[8,8],"11":[8,0],"12":[8,8],"13":[8,8],"14":[0,8],"15":[0,8],"16":[0,8],"17":[0,8],"18":[8,0],"19":[8,0]},"_coverageSchema":"1a1c01bbd47fc00a2c39e90264f33305004495a9","hash":"39030d8d6fd606c88a630f22593bc52f8df3a1dc"}
,"C:\\Users\\assas\\Music\\DevOps\\DevOps\\escapeverse\\src\\RoomLobby.jsx": {"path":"C:\\Users\\assas\\Music\\DevOps\\DevOps\\escapeverse\\src\\RoomLobby.jsx","statementMap":{"0":{"start":{"line":7,"column":21},"end":{"line":7,"column":32}},"1":{"start":{"line":8,"column":25},"end":{"line":8,"column":42}},"2":{"start":{"line":10,"column":16},"end":{"line":10,"column":51}},"3":{"start":{"line":11,"column":32},"end":{"line":11,"column":44}},"4":{"start":{"line":12,"column":30},"end":{"line":12,"column":45}},"5":{"start":{"line":13,"column":30},"end":{"line":13,"column":44}},"6":{"start":{"line":14,"column":19},"end":{"line":14,"column":42}},"7":{"start":{"line":15,"column":19},"end":{"line":15,"column":32}},"8":{"start":{"line":16,"column":20},"end":{"line":16,"column":32}},"9":{"start":{"line":17,"column":20},"end":{"line":17,"column":33}},"10":{"start":{"line":19,"column":2},"end":{"line":95,"column":52}},"11":{"start":{"line":20,"column":4},"end":{"line":20,"column":72}},"12":{"start":{"line":21,"column":4},"end":{"line":21,"column":73}},"13":{"start":{"line":22,"column":4},"end":{"line":22,"column":75}},"14":{"start":{"line":23,"column":4},"end":{"line":23,"column":78}},"15":{"start":{"line":26,"column":4},"end":{"line":26,"column":52}},"16":{"start":{"line":29,"column":4},"end":{"line":43,"column":7}},"17":{"start":{"line":30,"column":6},"end":{"line":30,"column":48}},"18":{"start":{"line":32,"column":6},"end":{"line":42,"column":7}},"19":{"start":{"line":33,"column":8},"end":{"line":33,"column":25}},"20":{"start":{"line":34,"column":13},"end":{"line":42,"column":7}},"21":{"start":{"line":35,"column":8},"end":{"line":35,"column":33}},"22":{"start":{"line":36,"column":8},"end":{"line":36,"column":31}},"23":{"start":{"line":39,"column":8},"end":{"line":41,"column":9}},"24":{"start":{"line":40,"column":10},"end":{"line":40,"column":26}},"25":{"start":{"line":45,"column":4},"end":{"line":49,"column":7}},"26":{"start":{"line":46,"column":24},"end":{"line":46,"column":48}},"27":{"start":{"line":47,"column":6},"end":{"line":47,"column":95}},"28":{"start":{"line":48,"column":6},"end":{"line":48,"column":47}},"29":{"start":{"line":51,"column":4},"end":{"line":54,"column":7}},"30":{"start":{"line":52,"column":6},"end":{"line":52,"column":55}},"31":{"start":{"line":53,"column":6},"end":{"line":53,"column":28}},"32":{"start":{"line":57,"column":4},"end":{"line":85,"column":5}},"33":{"start":{"line":58,"column":6},"end":{"line":58,"column":56}},"34":{"start":{"line":61,"column":24},"end":{"line":63,"column":56}},"35":{"start":{"line":65,"column":6},"end":{"line":65,"column":44}},"36":{"start":{"line":67,"column":6},"end":{"line":71,"column":9}},"37":{"start":{"line":73,"column":6},"end":{"line":73,"column":31}},"38":{"start":{"line":76,"column":6},"end":{"line":78,"column":7}},"39":{"start":{"line":77,"column":8},"end":{"line":77,"column":24}},"40":{"start":{"line":81,"column":6},"end":{"line":84,"column":7}},"41":{"start":{"line":82,"column":8},"end":{"line":82,"column":46}},"42":{"start":{"line":83,"column":8},"end":{"line":83,"column":46}},"43":{"start":{"line":88,"column":4},"end":{"line":94,"column":6}},"44":{"start":{"line":89,"column":6},"end":{"line":92,"column":7}},"45":{"start":{"line":90,"column":8},"end":{"line":90,"column":53}},"46":{"start":{"line":91,"column":8},"end":{"line":91,"column":39}},"47":{"start":{"line":93,"column":6},"end":{"line":93,"column":32}},"48":{"start":{"line":97,"column":26},"end":{"line":105,"column":3}},"49":{"start":{"line":98,"column":4},"end":{"line":98,"column":62}},"50":{"start":{"line":99,"column":4},"end":{"line":101,"column":5}},"51":{"start":{"line":100,"column":6},"end":{"line":100,"column":62}},"52":{"start":{"line":102,"column":4},"end":{"line":102,"column":65}},"53":{"start":{"line":107,"column":23},"end":{"line":113,"column":3}},"54":{"start":{"line":108,"column":4},"end":{"line":112,"column":7}},"55":{"start":{"line":109,"column":6},"end":{"line":109,"column":46}},"56":{"start":{"line":111,"column":6},"end":{"line":111,"column":54}},"57":{"start":{"line":115,"column":2},"end":{"line":187,"column":4}},"58":{"start":{"line":162,"column":14},"end":{"line":166,"column":19}}},"fnMap":{"0":{"name":"RoomLobby","decl":{"start":{"line":6,"column":9},"end":{"line":6,"column":18}},"loc":{"start":{"line":6,"column":21},"end":{"line":188,"column":1}},"line":6},"1":{"name":"(anonymous_1)","decl":{"start":{"line":19,"column":12},"end":{"line":19,"column":13}},"loc":{"start":{"line":19,"column":18},"end":{"line":95,"column":3}},"line":19},"2":{"name":"(anonymous_2)","decl":{"start":{"line":29,"column":41},"end":{"line":29,"column":42}},"loc":{"start":{"line":29,"column":51},"end":{"line":43,"column":5}},"line":29},"3":{"name":"(anonymous_3)","decl":{"start":{"line":45,"column":39},"end":{"line":45,"column":40}},"loc":{"start":{"line":45,"column":53},"end":{"line":49,"column":5}},"line":45},"4":{"name":"(anonymous_4)","decl":{"start":{"line":51,"column":40},"end":{"line":51,"column":41}},"loc":{"start":{"line":51,"column":56},"end":{"line":54,"column":5}},"line":51},"5":{"name":"(anonymous_5)","decl":{"start":{"line":88,"column":11},"end":{"line":88,"column":12}},"loc":{"start":{"line":88,"column":17},"end":{"line":94,"column":5}},"line":88},"6":{"name":"(anonymous_6)","decl":{"start":{"line":97,"column":26},"end":{"line":97,"column":27}},"loc":{"start":{"line":97,"column":32},"end":{"line":105,"column":3}},"line":97},"7":{"name":"(anonymous_7)","decl":{"start":{"line":107,"column":23},"end":{"line":107,"column":24}},"loc":{"start":{"line":107,"column":29},"end":{"line":113,"column":3}},"line":107},"8":{"name":"(anonymous_8)","decl":{"start":{"line":108,"column":47},"end":{"line":108,"column":48}},"loc":{"start":{"line":108,"column":53},"end":{"line":110,"column":5}},"line":108},"9":{"name":"(anonymous_9)","decl":{"start":{"line":110,"column":13},"end":{"line":110,"column":14}},"loc":{"start":{"line":110,"column":22},"end":{"line":112,"column":5}},"line":110},"10":{"name":"(anonymous_10)","decl":{"start":{"line":161,"column":24},"end":{"line":161,"column":25}},"loc":{"start":{"line":162,"column":14},"end":{"line":166,"column":19}},"line":162}},"branchMap":{"0":{"loc":{"start":{"line":10,"column":16},"end":{"line":10,"column":51}},"type":"binary-expr","locations":[{"start":{"line":10,"column":16},"end":{"line":10,"column":41}},{"start":{"line":10,"column":45},"end":{"line":10,"column":51}}],"line":10},"1":{"loc":{"start":{"line":32,"column":6},"end":{"line":42,"column":7}},"type":"if","locations":[{"start":{"line":32,"column":6},"end":{"line":42,"column":7}},{"start":{"line":34,"column":13},"end":{"line":42,"column":7}}],"line":32},"2":{"loc":{"start":{"line":34,"column":13},"end":{"line":42,"column":7}},"type":"if","locations":[{"start":{"line":34,"column":13},"end":{"line":42,"column":7}},{"start":{},"end":{}}],"line":34},"3":{"loc":{"start":{"line":34,"column":17},"end":{"line":34,"column":37}},"type":"binary-expr","locations":[{"start":{"line":34,"column":17},"end":{"line":34,"column":21}},{"start":{"line":34,"column":25},"end":{"line":34,"column":37}}],"line":34},"4":{"loc":{"start":{"line":39,"column":8},"end":{"line":41,"column":9}},"type":"if","locations":[{"start":{"line":39,"column":8},"end":{"line":41,"column":9}},{"start":{},"end":{}}],"line":39},"5":{"loc":{"start":{"line":46,"column":24},"end":{"line":46,"column":48}},"type":"binary-expr","locations":[{"start":{"line":46,"column":24},"end":{"line":46,"column":39}},{"start":{"line":46,"column":43},"end":{"line":46,"column":48}}],"line":46},"6":{"loc":{"start":{"line":57,"column":4},"end":{"line":85,"column":5}},"type":"if","locations":[{"start":{"line":57,"column":4},"end":{"line":85,"column":5}},{"start":{},"end":{}}],"line":57},"7":{"loc":{"start":{"line":57,"column":8},"end":{"line":57,"column":34}},"type":"binary-expr","locations":[{"start":{"line":57,"column":8},"end":{"line":57,"column":12}},{"start":{"line":57,"column":16},"end":{"line":57,"column":34}}],"line":57},"8":{"loc":{"start":{"line":61,"column":24},"end":{"line":63,"column":56}},"type":"binary-expr","locations":[{"start":{"line":61,"column":24},"end":{"line":61,"column":51}},{"start":{"line":62,"column":9},"end":{"line":62,"column":54}},{"start":{"line":63,"column":10},"end":{"line":63,"column":55}}],"line":61},"9":{"loc":{"start":{"line":76,"column":6},"end":{"line":78,"column":7}},"type":"if","locations":[{"start":{"line":76,"column":6},"end":{"line":78,"column":7}},{"start":{},"end":{}}],"line":76},"10":{"loc":{"start":{"line":81,"column":6},"end":{"line":84,"column":7}},"type":"if","locations":[{"start":{"line":81,"column":6},"end":{"line":84,"column":7}},{"start":{},"end":{}}],"line":81},"11":{"loc":{"start":{"line":89,"column":6},"end":{"line":92,"column":7}},"type":"if","locations":[{"start":{"line":89,"column":6},"end":{"line":92,"column":7}},{"start":{},"end":{}}],"line":89},"12":{"loc":{"start":{"line":99,"column":4},"end":{"line":101,"column":5}},"type":"if","locations":[{"start":{"line":99,"column":4},"end":{"line":101,"column":5}},{"start":{},"end":{}}],"line":99},"13":{"loc":{"start":{"line":160,"column":11},"end":{"line":170,"column":11}},"type":"cond-expr","locations":[{"start":{"line":161,"column":12},"end":{"line":167,"column":14}},{"start":{"line":169,"column":12},"end":{"line":169,"column":63}}],"line":160},"14":{"loc":{"start":{"line":160,"column":11},"end":{"line":160,"column":40}},"type":"binary-expr","locations":[{"start":{"line":160,"column":11},"end":{"line":160,"column":18}},{"start":{"line":160,"column":22},"end":{"line":160,"column":40}}],"line":160},"15":{"loc":{"start":{"line":163,"column":17},"end":{"line":163,"column":49}},"type":"binary-expr","locations":[{"start":{"line":163,"column":17},"end":{"line":163,"column":27}},{"start":{"line":163,"column":31},"end":{"line":163,"column":49}}],"line":163},"16":{"loc":{"start":{"line":164,"column":17},"end":{"line":164,"column":63}},"type":"cond-expr","locations":[{"start":{"line":164,"column":50},"end":{"line":164,"column":58}},{"start":{"line":164,"column":61},"end":{"line":164,"column":63}}],"line":164},"17":{"loc":{"start":{"line":165,"column":17},"end":{"line":165,"column":49}},"type":"cond-expr","locations":[{"start":{"line":165,"column":35},"end":{"line":165,"column":44}},{"start":{"line":165,"column":47},"end":{"line":165,"column":49}}],"line":165},"18":{"loc":{"start":{"line":174,"column":7},"end":{"line":185,"column":7}},"type":"cond-expr","locations":[{"start":{"line":175,"column":8},"end":{"line":180,"column":17}},{"start":{"line":182,"column":8},"end":{"line":184,"column":14}}],"line":174}},"s":{"0":6,"1":6,"2":6,"3":6,"4":6,"5":6,"6":6,"7":6,"8":6,"9":6,"10":6,"11":6,"12":6,"13":6,"14":6,"15":6,"16":6,"17":0,"18":0,"19":0,"20":0,"21":0,"22":0,"23":0,"24":0,"25":6,"26":0,"27":0,"28":0,"29":6,"30":0,"31":0,"32":6,"33":6,"34":6,"35":6,"36":6,"37":6,"38":6,"39":0,"40":6,"41":6,"42":6,"43":6,"44":6,"45":6,"46":6,"47":6,"48":6,"49":0,"50":0,"51":0,"52":0,"53":6,"54":0,"55":0,"56":0,"57":6,"58":0},"f":{"0":6,"1":6,"2":0,"3":0,"4":0,"5":6,"6":0,"7":0,"8":0,"9":0,"10":0},"b":{"0":[6,0],"1":[0,0],"2":[0,0],"3":[0,0],"4":[0,0],"5":[0,0],"6":[6,0],"7":[6,6],"8":[6,6,0],"9":[0,6],"10":[6,0],"11":[6,0],"12":[0,0],"13":[0,6],"14":[6,6],"15":[0,0],"16":[0,0],"17":[0,0],"18":[0,6]},"_coverageSchema":"1a1c01bbd47fc00a2c39e90264f33305004495a9","hash":"3e7a010913babe4c73087b5b67569c58f2173869"}
,"C:\\Users\\assas\\Music\\DevOps\\DevOps\\escapeverse\\src\\UserContext.jsx": {"path":"C:\\Users\\assas\\Music\\DevOps\\DevOps\\escapeverse\\src\\UserContext.jsx","statementMap":{"0":{"start":{"line":7,"column":27},"end":{"line":7,"column":72}},"1":{"start":{"line":11,"column":26},"end":{"line":11,"column":40}},"2":{"start":{"line":12,"column":32},"end":{"line":12,"column":46}},"3":{"start":{"line":14,"column":2},"end":{"line":26,"column":14}},"4":{"start":{"line":16,"column":4},"end":{"line":25,"column":5}},"5":{"start":{"line":17,"column":26},"end":{"line":20,"column":8}},"6":{"start":{"line":18,"column":8},"end":{"line":18,"column":29}},"7":{"start":{"line":19,"column":8},"end":{"line":19,"column":26}},"8":{"start":{"line":21,"column":6},"end":{"line":21,"column":33}},"9":{"start":{"line":21,"column":19},"end":{"line":21,"column":32}},"10":{"start":{"line":24,"column":6},"end":{"line":24,"column":24}},"11":{"start":{"line":29,"column":23},"end":{"line":29,"column":49}},"12":{"start":{"line":31,"column":2},"end":{"line":35,"column":4}},"13":{"start":{"line":39,"column":23},"end":{"line":39,"column":52}},"14":{"start":{"line":39,"column":29},"end":{"line":39,"column":52}}},"fnMap":{"0":{"name":"UserProvider","decl":{"start":{"line":10,"column":16},"end":{"line":10,"column":28}},"loc":{"start":{"line":10,"column":50},"end":{"line":36,"column":1}},"line":10},"1":{"name":"(anonymous_1)","decl":{"start":{"line":14,"column":12},"end":{"line":14,"column":13}},"loc":{"start":{"line":14,"column":18},"end":{"line":26,"column":3}},"line":14},"2":{"name":"(anonymous_2)","decl":{"start":{"line":17,"column":51},"end":{"line":17,"column":52}},"loc":{"start":{"line":17,"column":68},"end":{"line":20,"column":7}},"line":17},"3":{"name":"(anonymous_3)","decl":{"start":{"line":21,"column":13},"end":{"line":21,"column":14}},"loc":{"start":{"line":21,"column":19},"end":{"line":21,"column":32}},"line":21},"4":{"name":"(anonymous_4)","decl":{"start":{"line":39,"column":23},"end":{"line":39,"column":24}},"loc":{"start":{"line":39,"column":29},"end":{"line":39,"column":52}},"line":39}},"branchMap":{"0":{"loc":{"start":{"line":16,"column":4},"end":{"line":25,"column":5}},"type":"if","locations":[{"start":{"line":16,"column":4},"end":{"line":25,"column":5}},{"start":{"line":22,"column":11},"end":{"line":25,"column":5}}],"line":16},"1":{"loc":{"start":{"line":29,"column":23},"end":{"line":29,"column":49}},"type":"binary-expr","locations":[{"start":{"line":29,"column":23},"end":{"line":29,"column":28}},{"start":{"line":29,"column":32},"end":{"line":29,"column":49}}],"line":29}},"s":{"0":2,"1":0,"2":0,"3":0,"4":0,"5":0,"6":0,"7":0,"8":0,"9":0,"10":0,"11":0,"12":0,"13":2,"14":8},"f":{"0":0,"1":0,"2":0,"3":0,"4":8},"b":{"0":[0,0],"1":[0,0]},"_coverageSchema":"1a1c01bbd47fc00a2c39e90264f33305004495a9","hash":"52dcd190ac4984a92104cd51b6de2724884d736c"}
,"C:\\Users\\assas\\Music\\DevOps\\DevOps\\escapeverse\\src\\firebase.js": {"path":"C:\\Users\\assas\\Music\\DevOps\\DevOps\\escapeverse\\src\\firebase.js","statementMap":{"0":{"start":{"line":5,"column":23},"end":{"line":13,"column":1}},"1":{"start":{"line":16,"column":12},"end":{"line":16,"column":41}},"2":{"start":{"line":17,"column":20},"end":{"line":17,"column":32}}},"fnMap":{},"branchMap":{},"s":{"0":1,"1":1,"2":1},"f":{},"b":{},"_coverageSchema":"1a1c01bbd47fc00a2c39e90264f33305004495a9","hash":"69ab707ce1f394c73897ef491d47b4bea65285d1"}
,"C:\\Users\\assas\\Music\\DevOps\\DevOps\\escapeverse\\src\\components\\ErrorBoundary.jsx": {"path":"C:\\Users\\assas\\Music\\DevOps\\DevOps\\escapeverse\\src\\components\\ErrorBoundary.jsx","statementMap":{"0":{"start":{"line":5,"column":4},"end":{"line":5,"column":17}},"1":{"start":{"line":6,"column":4},"end":{"line":6,"column":50}},"2":{"start":{"line":10,"column":4},"end":{"line":10,"column":37}},"3":{"start":{"line":14,"column":4},"end":{"line":14,"column":65}},"4":{"start":{"line":18,"column":4},"end":{"line":38,"column":5}},"5":{"start":{"line":19,"column":6},"end":{"line":37,"column":8}},"6":{"start":{"line":28,"column":16},"end":{"line":28,"column":64}},"7":{"start":{"line":29,"column":16},"end":{"line":29,"column":61}},"8":{"start":{"line":29,"column":40},"end":{"line":29,"column":61}},"9":{"start":{"line":40,"column":4},"end":{"line":40,"column":31}}},"fnMap":{"0":{"name":"(anonymous_0)","decl":{"start":{"line":4,"column":2},"end":{"line":4,"column":3}},"loc":{"start":{"line":4,"column":21},"end":{"line":7,"column":3}},"line":4},"1":{"name":"(anonymous_1)","decl":{"start":{"line":9,"column":2},"end":{"line":9,"column":3}},"loc":{"start":{"line":9,"column":41},"end":{"line":11,"column":3}},"line":9},"2":{"name":"(anonymous_2)","decl":{"start":{"line":13,"column":2},"end":{"line":13,"column":3}},"loc":{"start":{"line":13,"column":38},"end":{"line":15,"column":3}},"line":13},"3":{"name":"(anonymous_3)","decl":{"start":{"line":17,"column":2},"end":{"line":17,"column":3}},"loc":{"start":{"line":17,"column":11},"end":{"line":41,"column":3}},"line":17},"4":{"name":"(anonymous_4)","decl":{"start":{"line":27,"column":23},"end":{"line":27,"column":24}},"loc":{"start":{"line":27,"column":29},"end":{"line":30,"column":15}},"line":27}},"branchMap":{"0":{"loc":{"start":{"line":18,"column":4},"end":{"line":38,"column":5}},"type":"if","locations":[{"start":{"line":18,"column":4},"end":{"line":38,"column":5}},{"start":{},"end":{}}],"line":18},"1":{"loc":{"start":{"line":24,"column":15},"end":{"line":24,"column":74}},"type":"binary-expr","locations":[{"start":{"line":24,"column":15},"end":{"line":24,"column":40}},{"start":{"line":24,"column":44},"end":{"line":24,"column":74}}],"line":24},"2":{"loc":{"start":{"line":29,"column":16},"end":{"line":29,"column":61}},"type":"if","locations":[{"start":{"line":29,"column":16},"end":{"line":29,"column":61}},{"start":{},"end":{}}],"line":29}},"s":{"0":0,"1":0,"2":0,"3":0,"4":0,"5":0,"6":0,"7":0,"8":0,"9":0},"f":{"0":0,"1":0,"2":0,"3":0,"4":0},"b":{"0":[0,0],"1":[0,0],"2":[0,0]},"_coverageSchema":"1a1c01bbd47fc00a2c39e90264f33305004495a9","hash":"71babfbc4a863b4147e933fcc584183fd7e24440"}
,"C:\\Users\\assas\\Music\\DevOps\\DevOps\\escapeverse\\src\\rooms\\wall1.jsx": {"path":"C:\\Users\\assas\\Music\\DevOps\\DevOps\\escapeverse\\src\\rooms\\wall1.jsx","statementMap":{"0":{"start":{"line":7,"column":14},"end":{"line":571,"column":1}},"1":{"start":{"line":8,"column":19},"end":{"line":8,"column":32}},"2":{"start":{"line":9,"column":48},"end":{"line":9,"column":63}},"3":{"start":{"line":10,"column":32},"end":{"line":10,"column":44}},"4":{"start":{"line":11,"column":50},"end":{"line":11,"column":65}},"5":{"start":{"line":25,"column":6},"end":{"line":25,"column":15}},"6":{"start":{"line":26,"column":50},"end":{"line":26,"column":65}},"7":{"start":{"line":27,"column":36},"end":{"line":27,"column":48}},"8":{"start":{"line":28,"column":34},"end":{"line":28,"column":58}},"9":{"start":{"line":29,"column":28},"end":{"line":29,"column":43}},"10":{"start":{"line":32,"column":42},"end":{"line":32,"column":57}},"11":{"start":{"line":35,"column":21},"end":{"line":35,"column":33}},"12":{"start":{"line":36,"column":20},"end":{"line":36,"column":32}},"13":{"start":{"line":39,"column":25},"end":{"line":46,"column":3}},"14":{"start":{"line":41,"column":4},"end":{"line":45,"column":5}},"15":{"start":{"line":42,"column":6},"end":{"line":42,"column":25}},"16":{"start":{"line":43,"column":11},"end":{"line":45,"column":5}},"17":{"start":{"line":44,"column":6},"end":{"line":44,"column":25}},"18":{"start":{"line":49,"column":26},"end":{"line":52,"column":3}},"19":{"start":{"line":50,"column":4},"end":{"line":50,"column":58}},"20":{"start":{"line":56,"column":28},"end":{"line":123,"column":4}},"21":{"start":{"line":62,"column":8},"end":{"line":62,"column":38}},"22":{"start":{"line":63,"column":8},"end":{"line":63,"column":34}},"23":{"start":{"line":64,"column":8},"end":{"line":64,"column":25}},"24":{"start":{"line":65,"column":8},"end":{"line":67,"column":18}},"25":{"start":{"line":66,"column":10},"end":{"line":66,"column":37}},"26":{"start":{"line":74,"column":8},"end":{"line":74,"column":51}},"27":{"start":{"line":75,"column":8},"end":{"line":75,"column":33}},"28":{"start":{"line":82,"column":8},"end":{"line":82,"column":43}},"29":{"start":{"line":83,"column":8},"end":{"line":83,"column":31}},"30":{"start":{"line":90,"column":8},"end":{"line":90,"column":44}},"31":{"start":{"line":91,"column":8},"end":{"line":91,"column":32}},"32":{"start":{"line":126,"column":24},"end":{"line":142,"column":4}},"33":{"start":{"line":131,"column":26},"end":{"line":131,"column":73}},"34":{"start":{"line":132,"column":24},"end":{"line":132,"column":34}},"35":{"start":{"line":133,"column":26},"end":{"line":133,"column":45}},"36":{"start":{"line":136,"column":8},"end":{"line":136,"column":64}},"37":{"start":{"line":137,"column":8},"end":{"line":137,"column":64}},"38":{"start":{"line":139,"column":8},"end":{"line":139,"column":32}},"39":{"start":{"line":145,"column":2},"end":{"line":233,"column":50}},"40":{"start":{"line":147,"column":4},"end":{"line":149,"column":5}},"41":{"start":{"line":148,"column":6},"end":{"line":148,"column":13}},"42":{"start":{"line":153,"column":28},"end":{"line":153,"column":31}},"43":{"start":{"line":154,"column":28},"end":{"line":154,"column":51}},"44":{"start":{"line":155,"column":27},"end":{"line":155,"column":30}},"45":{"start":{"line":156,"column":27},"end":{"line":156,"column":30}},"46":{"start":{"line":159,"column":27},"end":{"line":168,"column":5}},"47":{"start":{"line":171,"column":31},"end":{"line":187,"column":5}},"48":{"start":{"line":173,"column":21},"end":{"line":173,"column":23}},"49":{"start":{"line":175,"column":6},"end":{"line":185,"column":7}},"50":{"start":{"line":177,"column":8},"end":{"line":184,"column":9}},"51":{"start":{"line":183,"column":10},"end":{"line":183,"column":22}},"52":{"start":{"line":186,"column":6},"end":{"line":186,"column":19}},"53":{"start":{"line":190,"column":35},"end":{"line":194,"column":5}},"54":{"start":{"line":191,"column":19},"end":{"line":191,"column":100}},"55":{"start":{"line":192,"column":18},"end":{"line":192,"column":96}},"56":{"start":{"line":193,"column":6},"end":{"line":193,"column":27}},"57":{"start":{"line":197,"column":22},"end":{"line":197,"column":24}},"58":{"start":{"line":198,"column":4},"end":{"line":229,"column":5}},"59":{"start":{"line":198,"column":17},"end":{"line":198,"column":18}},"60":{"start":{"line":202,"column":6},"end":{"line":226,"column":24}},"61":{"start":{"line":203,"column":8},"end":{"line":203,"column":24}},"62":{"start":{"line":204,"column":8},"end":{"line":204,"column":47}},"63":{"start":{"line":207,"column":8},"end":{"line":210,"column":9}},"64":{"start":{"line":208,"column":10},"end":{"line":208,"column":25}},"65":{"start":{"line":209,"column":10},"end":{"line":209,"column":19}},"66":{"start":{"line":213,"column":8},"end":{"line":225,"column":9}},"67":{"start":{"line":215,"column":30},"end":{"line":215,"column":33}},"68":{"start":{"line":216,"column":27},"end":{"line":219,"column":11}},"69":{"start":{"line":221,"column":10},"end":{"line":224,"column":11}},"70":{"start":{"line":222,"column":12},"end":{"line":222,"column":27}},"71":{"start":{"line":223,"column":12},"end":{"line":223,"column":18}},"72":{"start":{"line":228,"column":6},"end":{"line":228,"column":34}},"73":{"start":{"line":232,"column":4},"end":{"line":232,"column":37}},"74":{"start":{"line":236,"column":2},"end":{"line":258,"column":48}},"75":{"start":{"line":237,"column":4},"end":{"line":257,"column":5}},"76":{"start":{"line":239,"column":23},"end":{"line":239,"column":33}},"77":{"start":{"line":242,"column":6},"end":{"line":252,"column":7}},"78":{"start":{"line":242,"column":19},"end":{"line":242,"column":20}},"79":{"start":{"line":243,"column":26},"end":{"line":243,"column":80}},"80":{"start":{"line":243,"column":53},"end":{"line":243,"column":79}},"81":{"start":{"line":244,"column":8},"end":{"line":251,"column":9}},"82":{"start":{"line":245,"column":22},"end":{"line":245,"column":43}},"83":{"start":{"line":247,"column":10},"end":{"line":250,"column":12}},"84":{"start":{"line":255,"column":6},"end":{"line":255,"column":25}},"85":{"start":{"line":256,"column":6},"end":{"line":256,"column":28}},"86":{"start":{"line":261,"column":2},"end":{"line":292,"column":60}},"87":{"start":{"line":262,"column":31},"end":{"line":277,"column":5}},"88":{"start":{"line":263,"column":6},"end":{"line":263,"column":27}},"89":{"start":{"line":264,"column":6},"end":{"line":264,"column":49}},"90":{"start":{"line":265,"column":6},"end":{"line":265,"column":59}},"91":{"start":{"line":266,"column":6},"end":{"line":266,"column":61}},"92":{"start":{"line":269,"column":6},"end":{"line":271,"column":7}},"93":{"start":{"line":270,"column":8},"end":{"line":270,"column":34}},"94":{"start":{"line":274,"column":6},"end":{"line":276,"column":7}},"95":{"start":{"line":275,"column":8},"end":{"line":275,"column":35}},"96":{"start":{"line":279,"column":28},"end":{"line":281,"column":5}},"97":{"start":{"line":280,"column":6},"end":{"line":280,"column":50}},"98":{"start":{"line":284,"column":4},"end":{"line":284,"column":63}},"99":{"start":{"line":285,"column":4},"end":{"line":285,"column":60}},"100":{"start":{"line":288,"column":4},"end":{"line":291,"column":6}},"101":{"start":{"line":289,"column":6},"end":{"line":289,"column":68}},"102":{"start":{"line":290,"column":6},"end":{"line":290,"column":65}},"103":{"start":{"line":295,"column":2},"end":{"line":297,"column":18}},"104":{"start":{"line":296,"column":4},"end":{"line":296,"column":56}},"105":{"start":{"line":300,"column":25},"end":{"line":304,"column":3}},"106":{"start":{"line":301,"column":4},"end":{"line":303,"column":5}},"107":{"start":{"line":302,"column":6},"end":{"line":302,"column":39}},"108":{"start":{"line":302,"column":25},"end":{"line":302,"column":37}},"109":{"start":{"line":306,"column":19},"end":{"line":308,"column":3}},"110":{"start":{"line":307,"column":4},"end":{"line":307,"column":19}},"111":{"start":{"line":311,"column":20},"end":{"line":322,"column":3}},"112":{"start":{"line":312,"column":4},"end":{"line":312,"column":43}},"113":{"start":{"line":313,"column":4},"end":{"line":321,"column":5}},"114":{"start":{"line":314,"column":6},"end":{"line":314,"column":34}},"115":{"start":{"line":315,"column":6},"end":{"line":315,"column":28}},"116":{"start":{"line":316,"column":6},"end":{"line":316,"column":32}},"117":{"start":{"line":317,"column":6},"end":{"line":317,"column":21}},"118":{"start":{"line":319,"column":6},"end":{"line":319,"column":32}},"119":{"start":{"line":320,"column":6},"end":{"line":320,"column":21}},"120":{"start":{"line":325,"column":2},"end":{"line":333,"column":39}},"121":{"start":{"line":326,"column":24},"end":{"line":326,"column":36}},"122":{"start":{"line":327,"column":4},"end":{"line":332,"column":7}},"123":{"start":{"line":328,"column":6},"end":{"line":331,"column":7}},"124":{"start":{"line":329,"column":8},"end":{"line":329,"column":46}},"125":{"start":{"line":330,"column":8},"end":{"line":330,"column":93}},"126":{"start":{"line":335,"column":2},"end":{"line":570,"column":4}},"127":{"start":{"line":358,"column":27},"end":{"line":358,"column":49}},"128":{"start":{"line":370,"column":27},"end":{"line":370,"column":50}},"129":{"start":{"line":437,"column":22},"end":{"line":467,"column":24}},"130":{"start":{"line":443,"column":43},"end":{"line":443,"column":57}},"131":{"start":{"line":444,"column":26},"end":{"line":454,"column":27}},"132":{"start":{"line":445,"column":45},"end":{"line":445,"column":64}},"133":{"start":{"line":446,"column":28},"end":{"line":446,"column":55}},"134":{"start":{"line":447,"column":28},"end":{"line":447,"column":60}},"135":{"start":{"line":450,"column":28},"end":{"line":453,"column":29}},"136":{"start":{"line":451,"column":48},"end":{"line":451,"column":113}},"137":{"start":{"line":452,"column":30},"end":{"line":452,"column":63}},"138":{"start":{"line":452,"column":45},"end":{"line":452,"column":63}},"139":{"start":{"line":458,"column":26},"end":{"line":461,"column":27}},"140":{"start":{"line":459,"column":46},"end":{"line":459,"column":115}},"141":{"start":{"line":460,"column":28},"end":{"line":460,"column":61}},"142":{"start":{"line":460,"column":43},"end":{"line":460,"column":61}},"143":{"start":{"line":473,"column":22},"end":{"line":473,"column":60}},"144":{"start":{"line":474,"column":22},"end":{"line":487,"column":23}},"145":{"start":{"line":475,"column":24},"end":{"line":475,"column":39}},"146":{"start":{"line":476,"column":24},"end":{"line":476,"column":63}},"147":{"start":{"line":476,"column":41},"end":{"line":476,"column":56}},"148":{"start":{"line":477,"column":24},"end":{"line":477,"column":31}},"149":{"start":{"line":479,"column":27},"end":{"line":487,"column":23}},"150":{"start":{"line":480,"column":24},"end":{"line":480,"column":43}},"151":{"start":{"line":481,"column":24},"end":{"line":481,"column":41}},"152":{"start":{"line":482,"column":24},"end":{"line":482,"column":51}},"153":{"start":{"line":484,"column":24},"end":{"line":484,"column":39}},"154":{"start":{"line":485,"column":24},"end":{"line":485,"column":63}},"155":{"start":{"line":485,"column":41},"end":{"line":485,"column":56}},"156":{"start":{"line":486,"column":24},"end":{"line":486,"column":41}},"157":{"start":{"line":515,"column":20},"end":{"line":517,"column":26}},"158":{"start":{"line":525,"column":22},"end":{"line":527,"column":28}},"159":{"start":{"line":536,"column":16},"end":{"line":556,"column":25}},"160":{"start":{"line":546,"column":20},"end":{"line":552,"column":21}},"161":{"start":{"line":547,"column":22},"end":{"line":547,"column":42}},"162":{"start":{"line":548,"column":27},"end":{"line":552,"column":21}},"163":{"start":{"line":549,"column":22},"end":{"line":549,"column":33}},"164":{"start":{"line":550,"column":27},"end":{"line":552,"column":21}},"165":{"start":{"line":551,"column":22},"end":{"line":551,"column":34}},"166":{"start":{"line":562,"column":29},"end":{"line":562,"column":54}}},"fnMap":{"0":{"name":"(anonymous_0)","decl":{"start":{"line":7,"column":14},"end":{"line":7,"column":15}},"loc":{"start":{"line":7,"column":20},"end":{"line":571,"column":1}},"line":7},"1":{"name":"(anonymous_1)","decl":{"start":{"line":39,"column":25},"end":{"line":39,"column":26}},"loc":{"start":{"line":39,"column":40},"end":{"line":46,"column":3}},"line":39},"2":{"name":"(anonymous_2)","decl":{"start":{"line":49,"column":26},"end":{"line":49,"column":27}},"loc":{"start":{"line":49,"column":42},"end":{"line":52,"column":3}},"line":49},"3":{"name":"(anonymous_3)","decl":{"start":{"line":61,"column":15},"end":{"line":61,"column":16}},"loc":{"start":{"line":61,"column":21},"end":{"line":68,"column":7}},"line":61},"4":{"name":"(anonymous_4)","decl":{"start":{"line":65,"column":19},"end":{"line":65,"column":20}},"loc":{"start":{"line":65,"column":25},"end":{"line":67,"column":9}},"line":65},"5":{"name":"(anonymous_5)","decl":{"start":{"line":73,"column":15},"end":{"line":73,"column":16}},"loc":{"start":{"line":73,"column":21},"end":{"line":76,"column":7}},"line":73},"6":{"name":"(anonymous_6)","decl":{"start":{"line":81,"column":15},"end":{"line":81,"column":16}},"loc":{"start":{"line":81,"column":21},"end":{"line":84,"column":7}},"line":81},"7":{"name":"(anonymous_7)","decl":{"start":{"line":89,"column":15},"end":{"line":89,"column":16}},"loc":{"start":{"line":89,"column":21},"end":{"line":92,"column":7}},"line":89},"8":{"name":"(anonymous_8)","decl":{"start":{"line":98,"column":15},"end":{"line":98,"column":16}},"loc":{"start":{"line":98,"column":21},"end":{"line":100,"column":7}},"line":98},"9":{"name":"(anonymous_9)","decl":{"start":{"line":105,"column":15},"end":{"line":105,"column":16}},"loc":{"start":{"line":105,"column":21},"end":{"line":107,"column":7}},"line":105},"10":{"name":"(anonymous_10)","decl":{"start":{"line":112,"column":15},"end":{"line":112,"column":16}},"loc":{"start":{"line":112,"column":21},"end":{"line":114,"column":7}},"line":112},"11":{"name":"(anonymous_11)","decl":{"start":{"line":119,"column":15},"end":{"line":119,"column":16}},"loc":{"start":{"line":119,"column":21},"end":{"line":121,"column":7}},"line":119},"12":{"name":"(anonymous_12)","decl":{"start":{"line":130,"column":15},"end":{"line":130,"column":16}},"loc":{"start":{"line":130,"column":21},"end":{"line":140,"column":7}},"line":130},"13":{"name":"(anonymous_13)","decl":{"start":{"line":145,"column":12},"end":{"line":145,"column":13}},"loc":{"start":{"line":145,"column":18},"end":{"line":233,"column":3}},"line":145},"14":{"name":"(anonymous_14)","decl":{"start":{"line":171,"column":31},"end":{"line":171,"column":32}},"loc":{"start":{"line":171,"column":71},"end":{"line":187,"column":5}},"line":171},"15":{"name":"(anonymous_15)","decl":{"start":{"line":190,"column":35},"end":{"line":190,"column":36}},"loc":{"start":{"line":190,"column":41},"end":{"line":194,"column":5}},"line":190},"16":{"name":"(anonymous_16)","decl":{"start":{"line":236,"column":12},"end":{"line":236,"column":13}},"loc":{"start":{"line":236,"column":18},"end":{"line":258,"column":3}},"line":236},"17":{"name":"(anonymous_17)","decl":{"start":{"line":243,"column":45},"end":{"line":243,"column":46}},"loc":{"start":{"line":243,"column":53},"end":{"line":243,"column":79}},"line":243},"18":{"name":"(anonymous_18)","decl":{"start":{"line":261,"column":12},"end":{"line":261,"column":13}},"loc":{"start":{"line":261,"column":18},"end":{"line":292,"column":3}},"line":261},"19":{"name":"(anonymous_19)","decl":{"start":{"line":262,"column":31},"end":{"line":262,"column":32}},"loc":{"start":{"line":262,"column":42},"end":{"line":277,"column":5}},"line":262},"20":{"name":"(anonymous_20)","decl":{"start":{"line":279,"column":28},"end":{"line":279,"column":29}},"loc":{"start":{"line":279,"column":35},"end":{"line":281,"column":5}},"line":279},"21":{"name":"(anonymous_21)","decl":{"start":{"line":288,"column":11},"end":{"line":288,"column":12}},"loc":{"start":{"line":288,"column":17},"end":{"line":291,"column":5}},"line":288},"22":{"name":"(anonymous_22)","decl":{"start":{"line":295,"column":12},"end":{"line":295,"column":13}},"loc":{"start":{"line":295,"column":18},"end":{"line":297,"column":3}},"line":295},"23":{"name":"(anonymous_23)","decl":{"start":{"line":300,"column":25},"end":{"line":300,"column":26}},"loc":{"start":{"line":300,"column":36},"end":{"line":304,"column":3}},"line":300},"24":{"name":"(anonymous_24)","decl":{"start":{"line":302,"column":17},"end":{"line":302,"column":18}},"loc":{"start":{"line":302,"column":25},"end":{"line":302,"column":37}},"line":302},"25":{"name":"(anonymous_25)","decl":{"start":{"line":306,"column":19},"end":{"line":306,"column":20}},"loc":{"start":{"line":306,"column":25},"end":{"line":308,"column":3}},"line":306},"26":{"name":"(anonymous_26)","decl":{"start":{"line":311,"column":20},"end":{"line":311,"column":21}},"loc":{"start":{"line":311,"column":26},"end":{"line":322,"column":3}},"line":311},"27":{"name":"(anonymous_27)","decl":{"start":{"line":325,"column":12},"end":{"line":325,"column":13}},"loc":{"start":{"line":325,"column":18},"end":{"line":333,"column":3}},"line":325},"28":{"name":"(anonymous_28)","decl":{"start":{"line":327,"column":24},"end":{"line":327,"column":25}},"loc":{"start":{"line":327,"column":45},"end":{"line":332,"column":5}},"line":327},"29":{"name":"(anonymous_29)","decl":{"start":{"line":358,"column":21},"end":{"line":358,"column":22}},"loc":{"start":{"line":358,"column":27},"end":{"line":358,"column":49}},"line":358},"30":{"name":"(anonymous_30)","decl":{"start":{"line":370,"column":21},"end":{"line":370,"column":22}},"loc":{"start":{"line":370,"column":27},"end":{"line":370,"column":50}},"line":370},"31":{"name":"(anonymous_31)","decl":{"start":{"line":436,"column":39},"end":{"line":436,"column":40}},"loc":{"start":{"line":437,"column":22},"end":{"line":467,"column":24}},"line":437},"32":{"name":"(anonymous_32)","decl":{"start":{"line":442,"column":34},"end":{"line":442,"column":35}},"loc":{"start":{"line":442,"column":41},"end":{"line":455,"column":25}},"line":442},"33":{"name":"(anonymous_33)","decl":{"start":{"line":456,"column":35},"end":{"line":456,"column":36}},"loc":{"start":{"line":456,"column":42},"end":{"line":462,"column":25}},"line":456},"34":{"name":"(anonymous_34)","decl":{"start":{"line":472,"column":29},"end":{"line":472,"column":30}},"loc":{"start":{"line":472,"column":35},"end":{"line":488,"column":21}},"line":472},"35":{"name":"(anonymous_35)","decl":{"start":{"line":476,"column":35},"end":{"line":476,"column":36}},"loc":{"start":{"line":476,"column":41},"end":{"line":476,"column":56}},"line":476},"36":{"name":"(anonymous_36)","decl":{"start":{"line":485,"column":35},"end":{"line":485,"column":36}},"loc":{"start":{"line":485,"column":41},"end":{"line":485,"column":56}},"line":485},"37":{"name":"(anonymous_37)","decl":{"start":{"line":514,"column":71},"end":{"line":514,"column":72}},"loc":{"start":{"line":515,"column":20},"end":{"line":517,"column":26}},"line":515},"38":{"name":"(anonymous_38)","decl":{"start":{"line":524,"column":58},"end":{"line":524,"column":59}},"loc":{"start":{"line":525,"column":22},"end":{"line":527,"column":28}},"line":525},"39":{"name":"(anonymous_39)","decl":{"start":{"line":535,"column":60},"end":{"line":535,"column":61}},"loc":{"start":{"line":536,"column":16},"end":{"line":556,"column":25}},"line":536},"40":{"name":"(anonymous_40)","decl":{"start":{"line":545,"column":27},"end":{"line":545,"column":28}},"loc":{"start":{"line":545,"column":33},"end":{"line":553,"column":19}},"line":545},"41":{"name":"(anonymous_41)","decl":{"start":{"line":562,"column":23},"end":{"line":562,"column":24}},"loc":{"start":{"line":562,"column":29},"end":{"line":562,"column":54}},"line":562}},"branchMap":{"0":{"loc":{"start":{"line":41,"column":4},"end":{"line":45,"column":5}},"type":"if","locations":[{"start":{"line":41,"column":4},"end":{"line":45,"column":5}},{"start":{"line":43,"column":11},"end":{"line":45,"column":5}}],"line":41},"1":{"loc":{"start":{"line":43,"column":11},"end":{"line":45,"column":5}},"type":"if","locations":[{"start":{"line":43,"column":11},"end":{"line":45,"column":5}},{"start":{},"end":{}}],"line":43},"2":{"loc":{"start":{"line":147,"column":4},"end":{"line":149,"column":5}},"type":"if","locations":[{"start":{"line":147,"column":4},"end":{"line":149,"column":5}},{"start":{},"end":{}}],"line":147},"3":{"loc":{"start":{"line":147,"column":8},"end":{"line":147,"column":59}},"type":"binary-expr","locations":[{"start":{"line":147,"column":8},"end":{"line":147,"column":26}},{"start":{"line":147,"column":30},"end":{"line":147,"column":59}}],"line":147},"4":{"loc":{"start":{"line":171,"column":42},"end":{"line":171,"column":52}},"type":"default-arg","locations":[{"start":{"line":171,"column":50},"end":{"line":171,"column":52}}],"line":171},"5":{"loc":{"start":{"line":171,"column":54},"end":{"line":171,"column":66}},"type":"default-arg","locations":[{"start":{"line":171,"column":63},"end":{"line":171,"column":66}}],"line":171},"6":{"loc":{"start":{"line":177,"column":8},"end":{"line":184,"column":9}},"type":"if","locations":[{"start":{"line":177,"column":8},"end":{"line":184,"column":9}},{"start":{},"end":{}}],"line":177},"7":{"loc":{"start":{"line":178,"column":10},"end":{"line":181,"column":54}},"type":"binary-expr","locations":[{"start":{"line":178,"column":10},"end":{"line":178,"column":63}},{"start":{"line":179,"column":10},"end":{"line":179,"column":55}},{"start":{"line":180,"column":10},"end":{"line":180,"column":62}},{"start":{"line":181,"column":10},"end":{"line":181,"column":54}}],"line":178},"8":{"loc":{"start":{"line":207,"column":8},"end":{"line":210,"column":9}},"type":"if","locations":[{"start":{"line":207,"column":8},"end":{"line":210,"column":9}},{"start":{},"end":{}}],"line":207},"9":{"loc":{"start":{"line":221,"column":10},"end":{"line":224,"column":11}},"type":"if","locations":[{"start":{"line":221,"column":10},"end":{"line":224,"column":11}},{"start":{},"end":{}}],"line":221},"10":{"loc":{"start":{"line":237,"column":4},"end":{"line":257,"column":5}},"type":"if","locations":[{"start":{"line":237,"column":4},"end":{"line":257,"column":5}},{"start":{},"end":{}}],"line":237},"11":{"loc":{"start":{"line":237,"column":8},"end":{"line":237,"column":54}},"type":"binary-expr","locations":[{"start":{"line":237,"column":8},"end":{"line":237,"column":37}},{"start":{"line":237,"column":41},"end":{"line":237,"column":54}}],"line":237},"12":{"loc":{"start":{"line":244,"column":8},"end":{"line":251,"column":9}},"type":"if","locations":[{"start":{"line":244,"column":8},"end":{"line":251,"column":9}},{"start":{},"end":{}}],"line":244},"13":{"loc":{"start":{"line":269,"column":6},"end":{"line":271,"column":7}},"type":"if","locations":[{"start":{"line":269,"column":6},"end":{"line":271,"column":7}},{"start":{},"end":{}}],"line":269},"14":{"loc":{"start":{"line":269,"column":10},"end":{"line":269,"column":91}},"type":"binary-expr","locations":[{"start":{"line":269,"column":10},"end":{"line":269,"column":25}},{"start":{"line":269,"column":29},"end":{"line":269,"column":46}},{"start":{"line":269,"column":50},"end":{"line":269,"column":91}}],"line":269},"15":{"loc":{"start":{"line":274,"column":6},"end":{"line":276,"column":7}},"type":"if","locations":[{"start":{"line":274,"column":6},"end":{"line":276,"column":7}},{"start":{},"end":{}}],"line":274},"16":{"loc":{"start":{"line":274,"column":10},"end":{"line":274,"column":94}},"type":"binary-expr","locations":[{"start":{"line":274,"column":10},"end":{"line":274,"column":26}},{"start":{"line":274,"column":30},"end":{"line":274,"column":48}},{"start":{"line":274,"column":52},"end":{"line":274,"column":94}}],"line":274},"17":{"loc":{"start":{"line":301,"column":4},"end":{"line":303,"column":5}},"type":"if","locations":[{"start":{"line":301,"column":4},"end":{"line":303,"column":5}},{"start":{},"end":{}}],"line":301},"18":{"loc":{"start":{"line":301,"column":26},"end":{"line":301,"column":48}},"type":"binary-expr","locations":[{"start":{"line":301,"column":26},"end":{"line":301,"column":43}},{"start":{"line":301,"column":47},"end":{"line":301,"column":48}}],"line":301},"19":{"loc":{"start":{"line":313,"column":4},"end":{"line":321,"column":5}},"type":"if","locations":[{"start":{"line":313,"column":4},"end":{"line":321,"column":5}},{"start":{"line":318,"column":11},"end":{"line":321,"column":5}}],"line":313},"20":{"loc":{"start":{"line":328,"column":6},"end":{"line":331,"column":7}},"type":"if","locations":[{"start":{"line":328,"column":6},"end":{"line":331,"column":7}},{"start":{},"end":{}}],"line":328},"21":{"loc":{"start":{"line":339,"column":20},"end":{"line":339,"column":71}},"type":"cond-expr","locations":[{"start":{"line":339,"column":35},"end":{"line":339,"column":55}},{"start":{"line":339,"column":58},"end":{"line":339,"column":71}}],"line":339},"22":{"loc":{"start":{"line":340,"column":17},"end":{"line":340,"column":51}},"type":"cond-expr","locations":[{"start":{"line":340,"column":32},"end":{"line":340,"column":43}},{"start":{"line":340,"column":46},"end":{"line":340,"column":51}}],"line":340},"23":{"loc":{"start":{"line":347,"column":9},"end":{"line":351,"column":20}},"type":"cond-expr","locations":[{"start":{"line":348,"column":10},"end":{"line":351,"column":12}},{"start":{"line":351,"column":16},"end":{"line":351,"column":20}}],"line":347},"24":{"loc":{"start":{"line":379,"column":9},"end":{"line":387,"column":9}},"type":"binary-expr","locations":[{"start":{"line":379,"column":9},"end":{"line":379,"column":15}},{"start":{"line":380,"column":10},"end":{"line":386,"column":17}}],"line":379},"25":{"loc":{"start":{"line":390,"column":9},"end":{"line":424,"column":9}},"type":"binary-expr","locations":[{"start":{"line":390,"column":9},"end":{"line":390,"column":15}},{"start":{"line":391,"column":10},"end":{"line":423,"column":13}}],"line":390},"26":{"loc":{"start":{"line":395,"column":18},"end":{"line":397,"column":33}},"type":"cond-expr","locations":[{"start":{"line":396,"column":20},"end":{"line":396,"column":76}},{"start":{"line":397,"column":20},"end":{"line":397,"column":33}}],"line":395},"27":{"loc":{"start":{"line":403,"column":18},"end":{"line":405,"column":33}},"type":"cond-expr","locations":[{"start":{"line":404,"column":20},"end":{"line":404,"column":76}},{"start":{"line":405,"column":20},"end":{"line":405,"column":33}}],"line":403},"28":{"loc":{"start":{"line":411,"column":18},"end":{"line":413,"column":33}},"type":"cond-expr","locations":[{"start":{"line":412,"column":20},"end":{"line":412,"column":76}},{"start":{"line":413,"column":20},"end":{"line":413,"column":33}}],"line":411},"29":{"loc":{"start":{"line":419,"column":18},"end":{"line":421,"column":33}},"type":"cond-expr","locations":[{"start":{"line":420,"column":20},"end":{"line":420,"column":76}},{"start":{"line":421,"column":20},"end":{"line":421,"column":33}}],"line":419},"30":{"loc":{"start":{"line":429,"column":9},"end":{"line":499,"column":9}},"type":"binary-expr","locations":[{"start":{"line":429,"column":9},"end":{"line":429,"column":25}},{"start":{"line":430,"column":10},"end":{"line":498,"column":16}}],"line":429},"31":{"loc":{"start":{"line":432,"column":15},"end":{"line":496,"column":15}},"type":"cond-expr","locations":[{"start":{"line":433,"column":16},"end":{"line":493,"column":19}},{"start":{"line":495,"column":16},"end":{"line":495,"column":67}}],"line":432},"32":{"loc":{"start":{"line":441,"column":31},"end":{"line":441,"column":53}},"type":"binary-expr","locations":[{"start":{"line":441,"column":31},"end":{"line":441,"column":47}},{"start":{"line":441,"column":51},"end":{"line":441,"column":53}}],"line":441},"33":{"loc":{"start":{"line":444,"column":26},"end":{"line":454,"column":27}},"type":"if","locations":[{"start":{"line":444,"column":26},"end":{"line":454,"column":27}},{"start":{},"end":{}}],"line":444},"34":{"loc":{"start":{"line":450,"column":28},"end":{"line":453,"column":29}},"type":"if","locations":[{"start":{"line":450,"column":28},"end":{"line":453,"column":29}},{"start":{},"end":{}}],"line":450},"35":{"loc":{"start":{"line":450,"column":32},"end":{"line":450,"column":53}},"type":"binary-expr","locations":[{"start":{"line":450,"column":32},"end":{"line":450,"column":40}},{"start":{"line":450,"column":44},"end":{"line":450,"column":53}}],"line":450},"36":{"loc":{"start":{"line":452,"column":30},"end":{"line":452,"column":63}},"type":"if","locations":[{"start":{"line":452,"column":30},"end":{"line":452,"column":63}},{"start":{},"end":{}}],"line":452},"37":{"loc":{"start":{"line":458,"column":26},"end":{"line":461,"column":27}},"type":"if","locations":[{"start":{"line":458,"column":26},"end":{"line":461,"column":27}},{"start":{},"end":{}}],"line":458},"38":{"loc":{"start":{"line":458,"column":30},"end":{"line":458,"column":85}},"type":"binary-expr","locations":[{"start":{"line":458,"column":30},"end":{"line":458,"column":51}},{"start":{"line":458,"column":55},"end":{"line":458,"column":72}},{"start":{"line":458,"column":76},"end":{"line":458,"column":85}}],"line":458},"39":{"loc":{"start":{"line":460,"column":28},"end":{"line":460,"column":61}},"type":"if","locations":[{"start":{"line":460,"column":28},"end":{"line":460,"column":61}},{"start":{},"end":{}}],"line":460},"40":{"loc":{"start":{"line":464,"column":35},"end":{"line":464,"column":63}},"type":"cond-expr","locations":[{"start":{"line":464,"column":43},"end":{"line":464,"column":58}},{"start":{"line":464,"column":61},"end":{"line":464,"column":63}}],"line":464},"41":{"loc":{"start":{"line":465,"column":26},"end":{"line":465,"column":80}},"type":"cond-expr","locations":[{"start":{"line":465,"column":45},"end":{"line":465,"column":63}},{"start":{"line":465,"column":66},"end":{"line":465,"column":80}}],"line":465},"42":{"loc":{"start":{"line":474,"column":22},"end":{"line":487,"column":23}},"type":"if","locations":[{"start":{"line":474,"column":22},"end":{"line":487,"column":23}},{"start":{"line":479,"column":27},"end":{"line":487,"column":23}}],"line":474},"43":{"loc":{"start":{"line":479,"column":27},"end":{"line":487,"column":23}},"type":"if","locations":[{"start":{"line":479,"column":27},"end":{"line":487,"column":23}},{"start":{"line":483,"column":29},"end":{"line":487,"column":23}}],"line":479},"44":{"loc":{"start":{"line":504,"column":9},"end":{"line":567,"column":9}},"type":"binary-expr","locations":[{"start":{"line":504,"column":9},"end":{"line":504,"column":24}},{"start":{"line":505,"column":10},"end":{"line":566,"column":16}}],"line":504},"45":{"loc":{"start":{"line":514,"column":41},"end":{"line":514,"column":63}},"type":"binary-expr","locations":[{"start":{"line":514,"column":41},"end":{"line":514,"column":58}},{"start":{"line":514,"column":62},"end":{"line":514,"column":63}}],"line":514},"46":{"loc":{"start":{"line":516,"column":23},"end":{"line":516,"column":52}},"type":"cond-expr","locations":[{"start":{"line":516,"column":44},"end":{"line":516,"column":47}},{"start":{"line":516,"column":50},"end":{"line":516,"column":52}}],"line":516},"47":{"loc":{"start":{"line":522,"column":17},"end":{"line":530,"column":17}},"type":"binary-expr","locations":[{"start":{"line":522,"column":18},"end":{"line":522,"column":39}},{"start":{"line":523,"column":18},"end":{"line":529,"column":24}}],"line":522},"48":{"loc":{"start":{"line":526,"column":25},"end":{"line":526,"column":58}},"type":"cond-expr","locations":[{"start":{"line":526,"column":50},"end":{"line":526,"column":53}},{"start":{"line":526,"column":56},"end":{"line":526,"column":58}}],"line":526},"49":{"loc":{"start":{"line":539,"column":20},"end":{"line":543,"column":79}},"type":"cond-expr","locations":[{"start":{"line":540,"column":24},"end":{"line":540,"column":74}},{"start":{"line":541,"column":24},"end":{"line":543,"column":79}}],"line":539},"50":{"loc":{"start":{"line":541,"column":24},"end":{"line":543,"column":79}},"type":"cond-expr","locations":[{"start":{"line":542,"column":26},"end":{"line":542,"column":73}},{"start":{"line":543,"column":26},"end":{"line":543,"column":79}}],"line":541},"51":{"loc":{"start":{"line":546,"column":20},"end":{"line":552,"column":21}},"type":"if","locations":[{"start":{"line":546,"column":20},"end":{"line":552,"column":21}},{"start":{"line":548,"column":27},"end":{"line":552,"column":21}}],"line":546},"52":{"loc":{"start":{"line":548,"column":27},"end":{"line":552,"column":21}},"type":"if","locations":[{"start":{"line":548,"column":27},"end":{"line":552,"column":21}},{"start":{"line":550,"column":27},"end":{"line":552,"column":21}}],"line":548},"53":{"loc":{"start":{"line":550,"column":27},"end":{"line":552,"column":21}},"type":"if","locations":[{"start":{"line":550,"column":27},"end":{"line":552,"column":21}},{"start":{},"end":{}}],"line":550}},"s":{"0":1,"1":12,"2":12,"3":12,"4":12,"5":12,"6":12,"7":12,"8":12,"9":12,"10":12,"11":12,"12":12,"13":12,"14":0,"15":0,"16":0,"17":0,"18":12,"19":0,"20":12,"21":0,"22":0,"23":0,"24":0,"25":0,"26":0,"27":0,"28":0,"29":0,"30":0,"31":0,"32":12,"33":0,"34":0,"35":0,"36":0,"37":0,"38":0,"39":12,"40":12,"41":12,"42":0,"43":0,"44":0,"45":0,"46":0,"47":0,"48":0,"49":0,"50":0,"51":0,"52":0,"53":0,"54":0,"55":0,"56":0,"57":0,"58":0,"59":0,"60":0,"61":0,"62":0,"63":0,"64":0,"65":0,"66":0,"67":0,"68":0,"69":0,"70":0,"71":0,"72":0,"73":0,"74":12,"75":12,"76":6,"77":6,"78":6,"79":24,"80":156,"81":24,"82":24,"83":24,"84":6,"85":6,"86":12,"87":6,"88":0,"89":0,"90":0,"91":0,"92":0,"93":0,"94":0,"95":0,"96":6,"97":0,"98":6,"99":6,"100":6,"101":6,"102":6,"103":12,"104":6,"105":12,"106":0,"107":0,"108":0,"109":12,"110":0,"111":12,"112":0,"113":0,"114":0,"115":0,"116":0,"117":0,"118":0,"119":0,"120":12,"121":12,"122":12,"123":48,"124":0,"125":0,"126":12,"127":0,"128":0,"129":0,"130":0,"131":0,"132":0,"133":0,"134":0,"135":0,"136":0,"137":0,"138":0,"139":0,"140":0,"141":0,"142":0,"143":0,"144":0,"145":0,"146":0,"147":0,"148":0,"149":0,"150":0,"151":0,"152":0,"153":0,"154":0,"155":0,"156":0,"157":0,"158":0,"159":0,"160":0,"161":0,"162":0,"163":0,"164":0,"165":0,"166":0},"f":{"0":12,"1":0,"2":0,"3":0,"4":0,"5":0,"6":0,"7":0,"8":0,"9":0,"10":0,"11":0,"12":0,"13":12,"14":0,"15":0,"16":12,"17":156,"18":6,"19":0,"20":0,"21":6,"22":6,"23":0,"24":0,"25":0,"26":0,"27":12,"28":48,"29":0,"30":0,"31":0,"32":0,"33":0,"34":0,"35":0,"36":0,"37":0,"38":0,"39":0,"40":0,"41":0},"b":{"0":[0,0],"1":[0,0],"2":[12,0],"3":[12,12],"4":[0],"5":[0],"6":[0,0],"7":[0,0,0,0],"8":[0,0],"9":[0,0],"10":[6,6],"11":[12,12],"12":[24,0],"13":[0,0],"14":[0,0,0],"15":[0,0],"16":[0,0,0],"17":[0,0],"18":[0,0],"19":[0,0],"20":[0,48],"21":[0,12],"22":[0,12],"23":[12,0],"24":[12,12],"25":[12,12],"26":[0,12],"27":[0,12],"28":[0,12],"29":[0,12],"30":[12,0],"31":[0,0],"32":[0,0],"33":[0,0],"34":[0,0],"35":[0,0],"36":[0,0],"37":[0,0],"38":[0,0,0],"39":[0,0],"40":[0,0],"41":[0,0],"42":[0,0],"43":[0,0],"44":[12,0],"45":[0,0],"46":[0,0],"47":[0,0],"48":[0,0],"49":[0,0],"50":[0,0],"51":[0,0],"52":[0,0],"53":[0,0]},"_coverageSchema":"1a1c01bbd47fc00a2c39e90264f33305004495a9","hash":"1bd568f8dd402d376b26ef1ed320dd09a3aa5e44"}
,"C:\\Users\\assas\\Music\\DevOps\\DevOps\\escapeverse\\src\\rooms\\wall2.jsx": {"path":"C:\\Users\\assas\\Music\\DevOps\\DevOps\\escapeverse\\src\\rooms\\wall2.jsx","statementMap":{"0":{"start":{"line":8,"column":14},"end":{"line":182,"column":1}},"1":{"start":{"line":9,"column":21},"end":{"line":9,"column":34}},"2":{"start":{"line":10,"column":36},"end":{"line":10,"column":60}},"3":{"start":{"line":11,"column":23},"end":{"line":11,"column":32}},"4":{"start":{"line":12,"column":40},"end":{"line":12,"column":49}},"5":{"start":{"line":13,"column":44},"end":{"line":13,"column":59}},"6":{"start":{"line":14,"column":48},"end":{"line":14,"column":63}},"7":{"start":{"line":15,"column":42},"end":{"line":15,"column":57}},"8":{"start":{"line":16,"column":34},"end":{"line":16,"column":46}},"9":{"start":{"line":17,"column":31},"end":{"line":17,"column":40}},"10":{"start":{"line":20,"column":27},"end":{"line":24,"column":5}},"11":{"start":{"line":21,"column":8},"end":{"line":21,"column":25}},"12":{"start":{"line":22,"column":8},"end":{"line":22,"column":29}},"13":{"start":{"line":23,"column":8},"end":{"line":23,"column":58}},"14":{"start":{"line":23,"column":25},"end":{"line":23,"column":46}},"15":{"start":{"line":27,"column":33},"end":{"line":31,"column":5}},"16":{"start":{"line":28,"column":8},"end":{"line":28,"column":27}},"17":{"start":{"line":29,"column":8},"end":{"line":29,"column":33}},"18":{"start":{"line":30,"column":8},"end":{"line":30,"column":75}},"19":{"start":{"line":34,"column":18},"end":{"line":83,"column":5}},"20":{"start":{"line":39,"column":16},"end":{"line":44,"column":17}},"21":{"start":{"line":40,"column":20},"end":{"line":40,"column":55}},"22":{"start":{"line":41,"column":20},"end":{"line":41,"column":37}},"23":{"start":{"line":43,"column":20},"end":{"line":43,"column":42}},"24":{"start":{"line":51,"column":16},"end":{"line":55,"column":17}},"25":{"start":{"line":52,"column":20},"end":{"line":52,"column":44}},"26":{"start":{"line":54,"column":20},"end":{"line":54,"column":69}},"27":{"start":{"line":62,"column":16},"end":{"line":66,"column":17}},"28":{"start":{"line":63,"column":20},"end":{"line":63,"column":75}},"29":{"start":{"line":65,"column":20},"end":{"line":65,"column":61}},"30":{"start":{"line":73,"column":16},"end":{"line":73,"column":70}},"31":{"start":{"line":80,"column":16},"end":{"line":80,"column":80}},"32":{"start":{"line":85,"column":4},"end":{"line":95,"column":11}},"33":{"start":{"line":86,"column":32},"end":{"line":88,"column":9}},"34":{"start":{"line":87,"column":12},"end":{"line":87,"column":56}},"35":{"start":{"line":90,"column":8},"end":{"line":90,"column":64}},"36":{"start":{"line":92,"column":8},"end":{"line":94,"column":10}},"37":{"start":{"line":93,"column":12},"end":{"line":93,"column":71}},"38":{"start":{"line":98,"column":32},"end":{"line":100,"column":5}},"39":{"start":{"line":99,"column":8},"end":{"line":99,"column":31}},"40":{"start":{"line":102,"column":4},"end":{"line":181,"column":6}},"41":{"start":{"line":119,"column":43},"end":{"line":119,"column":61}},"42":{"start":{"line":132,"column":43},"end":{"line":132,"column":61}},"43":{"start":{"line":174,"column":47},"end":{"line":174,"column":71}}},"fnMap":{"0":{"name":"(anonymous_0)","decl":{"start":{"line":8,"column":14},"end":{"line":8,"column":15}},"loc":{"start":{"line":8,"column":20},"end":{"line":182,"column":1}},"line":8},"1":{"name":"(anonymous_1)","decl":{"start":{"line":20,"column":27},"end":{"line":20,"column":28}},"loc":{"start":{"line":20,"column":54},"end":{"line":24,"column":5}},"line":20},"2":{"name":"(anonymous_2)","decl":{"start":{"line":23,"column":19},"end":{"line":23,"column":20}},"loc":{"start":{"line":23,"column":25},"end":{"line":23,"column":46}},"line":23},"3":{"name":"(anonymous_3)","decl":{"start":{"line":27,"column":33},"end":{"line":27,"column":34}},"loc":{"start":{"line":27,"column":39},"end":{"line":31,"column":5}},"line":27},"4":{"name":"(anonymous_4)","decl":{"start":{"line":38,"column":21},"end":{"line":38,"column":22}},"loc":{"start":{"line":38,"column":27},"end":{"line":45,"column":13}},"line":38},"5":{"name":"(anonymous_5)","decl":{"start":{"line":50,"column":21},"end":{"line":50,"column":22}},"loc":{"start":{"line":50,"column":27},"end":{"line":56,"column":13}},"line":50},"6":{"name":"(anonymous_6)","decl":{"start":{"line":61,"column":21},"end":{"line":61,"column":22}},"loc":{"start":{"line":61,"column":27},"end":{"line":67,"column":13}},"line":61},"7":{"name":"(anonymous_7)","decl":{"start":{"line":72,"column":21},"end":{"line":72,"column":22}},"loc":{"start":{"line":72,"column":27},"end":{"line":74,"column":13}},"line":72},"8":{"name":"(anonymous_8)","decl":{"start":{"line":79,"column":21},"end":{"line":79,"column":22}},"loc":{"start":{"line":79,"column":27},"end":{"line":81,"column":13}},"line":79},"9":{"name":"(anonymous_9)","decl":{"start":{"line":85,"column":14},"end":{"line":85,"column":15}},"loc":{"start":{"line":85,"column":20},"end":{"line":95,"column":5}},"line":85},"10":{"name":"(anonymous_10)","decl":{"start":{"line":86,"column":32},"end":{"line":86,"column":33}},"loc":{"start":{"line":86,"column":39},"end":{"line":88,"column":9}},"line":86},"11":{"name":"(anonymous_11)","decl":{"start":{"line":92,"column":15},"end":{"line":92,"column":16}},"loc":{"start":{"line":92,"column":21},"end":{"line":94,"column":9}},"line":92},"12":{"name":"(anonymous_12)","decl":{"start":{"line":98,"column":32},"end":{"line":98,"column":33}},"loc":{"start":{"line":98,"column":38},"end":{"line":100,"column":5}},"line":98},"13":{"name":"(anonymous_13)","decl":{"start":{"line":119,"column":37},"end":{"line":119,"column":38}},"loc":{"start":{"line":119,"column":43},"end":{"line":119,"column":61}},"line":119},"14":{"name":"(anonymous_14)","decl":{"start":{"line":132,"column":37},"end":{"line":132,"column":38}},"loc":{"start":{"line":132,"column":43},"end":{"line":132,"column":61}},"line":132},"15":{"name":"(anonymous_15)","decl":{"start":{"line":174,"column":41},"end":{"line":174,"column":42}},"loc":{"start":{"line":174,"column":47},"end":{"line":174,"column":71}},"line":174}},"branchMap":{"0":{"loc":{"start":{"line":20,"column":34},"end":{"line":20,"column":49}},"type":"default-arg","locations":[{"start":{"line":20,"column":45},"end":{"line":20,"column":49}}],"line":20},"1":{"loc":{"start":{"line":39,"column":16},"end":{"line":44,"column":17}},"type":"if","locations":[{"start":{"line":39,"column":16},"end":{"line":44,"column":17}},{"start":{"line":42,"column":23},"end":{"line":44,"column":17}}],"line":39},"2":{"loc":{"start":{"line":51,"column":16},"end":{"line":55,"column":17}},"type":"if","locations":[{"start":{"line":51,"column":16},"end":{"line":55,"column":17}},{"start":{"line":53,"column":23},"end":{"line":55,"column":17}}],"line":51},"3":{"loc":{"start":{"line":62,"column":16},"end":{"line":66,"column":17}},"type":"if","locations":[{"start":{"line":62,"column":16},"end":{"line":66,"column":17}},{"start":{"line":64,"column":23},"end":{"line":66,"column":17}}],"line":62},"4":{"loc":{"start":{"line":141,"column":21},"end":{"line":149,"column":21}},"type":"binary-expr","locations":[{"start":{"line":141,"column":21},"end":{"line":141,"column":27}},{"start":{"line":142,"column":24},"end":{"line":148,"column":31}}],"line":141},"5":{"loc":{"start":{"line":152,"column":21},"end":{"line":159,"column":21}},"type":"binary-expr","locations":[{"start":{"line":152,"column":21},"end":{"line":152,"column":32}},{"start":{"line":152,"column":37},"end":{"line":158,"column":30}}],"line":152},"6":{"loc":{"start":{"line":152,"column":37},"end":{"line":158,"column":30}},"type":"cond-expr","locations":[{"start":{"line":153,"column":24},"end":{"line":155,"column":30}},{"start":{"line":156,"column":24},"end":{"line":158,"column":30}}],"line":152},"7":{"loc":{"start":{"line":171,"column":25},"end":{"line":176,"column":25}},"type":"binary-expr","locations":[{"start":{"line":171,"column":25},"end":{"line":171,"column":39}},{"start":{"line":172,"column":28},"end":{"line":175,"column":30}}],"line":171}},"s":{"0":1,"1":4,"2":4,"3":4,"4":4,"5":4,"6":4,"7":4,"8":4,"9":4,"10":4,"11":0,"12":0,"13":0,"14":0,"15":4,"16":0,"17":0,"18":0,"19":4,"20":0,"21":0,"22":0,"23":0,"24":0,"25":0,"26":0,"27":0,"28":0,"29":0,"30":0,"31":0,"32":4,"33":4,"34":0,"35":4,"36":4,"37":4,"38":4,"39":0,"40":4,"41":0,"42":0,"43":0},"f":{"0":4,"1":0,"2":0,"3":0,"4":0,"5":0,"6":0,"7":0,"8":0,"9":4,"10":0,"11":4,"12":0,"13":0,"14":0,"15":0},"b":{"0":[0],"1":[0,0],"2":[0,0],"3":[0,0],"4":[4,4],"5":[4,0],"6":[0,0],"7":[4,0]},"_coverageSchema":"1a1c01bbd47fc00a2c39e90264f33305004495a9","hash":"32a55e57a4734f658eef2474101e5442844e48ab"}
,"C:\\Users\\assas\\Music\\DevOps\\DevOps\\escapeverse\\src\\rooms\\wall3.jsx": {"path":"C:\\Users\\assas\\Music\\DevOps\\DevOps\\escapeverse\\src\\rooms\\wall3.jsx","statementMap":{"0":{"start":{"line":11,"column":14},"end":{"line":161,"column":1}},"1":{"start":{"line":12,"column":21},"end":{"line":12,"column":34}},"2":{"start":{"line":13,"column":36},"end":{"line":13,"column":60}},"3":{"start":{"line":14,"column":23},"end":{"line":14,"column":32}},"4":{"start":{"line":15,"column":43},"end":{"line":15,"column":52}},"5":{"start":{"line":16,"column":54},"end":{"line":16,"column":69}},"6":{"start":{"line":17,"column":54},"end":{"line":17,"column":69}},"7":{"start":{"line":18,"column":54},"end":{"line":18,"column":69}},"8":{"start":{"line":19,"column":48},"end":{"line":19,"column":63}},"9":{"start":{"line":22,"column":18},"end":{"line":51,"column":5}},"10":{"start":{"line":28,"column":16},"end":{"line":28,"column":49}},"11":{"start":{"line":29,"column":16},"end":{"line":29,"column":47}},"12":{"start":{"line":30,"column":16},"end":{"line":30,"column":40}},"13":{"start":{"line":37,"column":16},"end":{"line":37,"column":49}},"14":{"start":{"line":38,"column":16},"end":{"line":38,"column":46}},"15":{"start":{"line":39,"column":16},"end":{"line":39,"column":43}},"16":{"start":{"line":46,"column":16},"end":{"line":46,"column":49}},"17":{"start":{"line":47,"column":16},"end":{"line":47,"column":43}},"18":{"start":{"line":53,"column":30},"end":{"line":56,"column":5}},"19":{"start":{"line":54,"column":8},"end":{"line":54,"column":33}},"20":{"start":{"line":55,"column":8},"end":{"line":55,"column":35}},"21":{"start":{"line":58,"column":4},"end":{"line":68,"column":11}},"22":{"start":{"line":59,"column":32},"end":{"line":61,"column":9}},"23":{"start":{"line":60,"column":12},"end":{"line":60,"column":56}},"24":{"start":{"line":63,"column":8},"end":{"line":63,"column":64}},"25":{"start":{"line":65,"column":8},"end":{"line":67,"column":10}},"26":{"start":{"line":66,"column":12},"end":{"line":66,"column":71}},"27":{"start":{"line":70,"column":4},"end":{"line":160,"column":6}},"28":{"start":{"line":83,"column":35},"end":{"line":83,"column":59}},"29":{"start":{"line":90,"column":54},"end":{"line":90,"column":81}},"30":{"start":{"line":93,"column":47},"end":{"line":93,"column":74}},"31":{"start":{"line":101,"column":54},"end":{"line":101,"column":81}},"32":{"start":{"line":104,"column":47},"end":{"line":104,"column":74}},"33":{"start":{"line":112,"column":50},"end":{"line":112,"column":77}},"34":{"start":{"line":115,"column":43},"end":{"line":115,"column":70}},"35":{"start":{"line":126,"column":39},"end":{"line":126,"column":57}},"36":{"start":{"line":138,"column":39},"end":{"line":138,"column":57}}},"fnMap":{"0":{"name":"(anonymous_0)","decl":{"start":{"line":11,"column":14},"end":{"line":11,"column":15}},"loc":{"start":{"line":11,"column":20},"end":{"line":161,"column":1}},"line":11},"1":{"name":"(anonymous_1)","decl":{"start":{"line":27,"column":21},"end":{"line":27,"column":22}},"loc":{"start":{"line":27,"column":27},"end":{"line":31,"column":13}},"line":27},"2":{"name":"(anonymous_2)","decl":{"start":{"line":36,"column":21},"end":{"line":36,"column":22}},"loc":{"start":{"line":36,"column":27},"end":{"line":40,"column":13}},"line":36},"3":{"name":"(anonymous_3)","decl":{"start":{"line":45,"column":21},"end":{"line":45,"column":22}},"loc":{"start":{"line":45,"column":27},"end":{"line":48,"column":13}},"line":45},"4":{"name":"(anonymous_4)","decl":{"start":{"line":53,"column":30},"end":{"line":53,"column":31}},"loc":{"start":{"line":53,"column":36},"end":{"line":56,"column":5}},"line":53},"5":{"name":"(anonymous_5)","decl":{"start":{"line":58,"column":14},"end":{"line":58,"column":15}},"loc":{"start":{"line":58,"column":20},"end":{"line":68,"column":5}},"line":58},"6":{"name":"(anonymous_6)","decl":{"start":{"line":59,"column":32},"end":{"line":59,"column":33}},"loc":{"start":{"line":59,"column":39},"end":{"line":61,"column":9}},"line":59},"7":{"name":"(anonymous_7)","decl":{"start":{"line":65,"column":15},"end":{"line":65,"column":16}},"loc":{"start":{"line":65,"column":21},"end":{"line":67,"column":9}},"line":65},"8":{"name":"(anonymous_8)","decl":{"start":{"line":83,"column":29},"end":{"line":83,"column":30}},"loc":{"start":{"line":83,"column":35},"end":{"line":83,"column":59}},"line":83},"9":{"name":"(anonymous_9)","decl":{"start":{"line":90,"column":48},"end":{"line":90,"column":49}},"loc":{"start":{"line":90,"column":54},"end":{"line":90,"column":81}},"line":90},"10":{"name":"(anonymous_10)","decl":{"start":{"line":93,"column":41},"end":{"line":93,"column":42}},"loc":{"start":{"line":93,"column":47},"end":{"line":93,"column":74}},"line":93},"11":{"name":"(anonymous_11)","decl":{"start":{"line":101,"column":48},"end":{"line":101,"column":49}},"loc":{"start":{"line":101,"column":54},"end":{"line":101,"column":81}},"line":101},"12":{"name":"(anonymous_12)","decl":{"start":{"line":104,"column":41},"end":{"line":104,"column":42}},"loc":{"start":{"line":104,"column":47},"end":{"line":104,"column":74}},"line":104},"13":{"name":"(anonymous_13)","decl":{"start":{"line":112,"column":44},"end":{"line":112,"column":45}},"loc":{"start":{"line":112,"column":50},"end":{"line":112,"column":77}},"line":112},"14":{"name":"(anonymous_14)","decl":{"start":{"line":115,"column":37},"end":{"line":115,"column":38}},"loc":{"start":{"line":115,"column":43},"end":{"line":115,"column":70}},"line":115},"15":{"name":"(anonymous_15)","decl":{"start":{"line":126,"column":33},"end":{"line":126,"column":34}},"loc":{"start":{"line":126,"column":39},"end":{"line":126,"column":57}},"line":126},"16":{"name":"(anonymous_16)","decl":{"start":{"line":138,"column":33},"end":{"line":138,"column":34}},"loc":{"start":{"line":138,"column":39},"end":{"line":138,"column":57}},"line":138}},"branchMap":{"0":{"loc":{"start":{"line":89,"column":21},"end":{"line":96,"column":21}},"type":"binary-expr","locations":[{"start"
[...]
,"line":172},"25":{"name":"(anonymous_25)","decl":{"start":{"line":178,"column":25},"end":{"line":178,"column":26}},"loc":{"start":{"line":178,"column":46},"end":{"line":222,"column":9}},"line":178},"26":{"name":"(anonymous_26)","decl":{"start":{"line":224,"column":27},"end":{"line":224,"column":28}},"loc":{"start":{"line":224,"column":53},"end":{"line":235,"column":9}},"line":224},"27":{"name":"(anonymous_27)","decl":{"start":{"line":237,"column":28},"end":{"line":237,"column":29}},"loc":{"start":{"line":237,"column":34},"end":{"line":295,"column":9}},"line":237},"28":{"name":"(anonymous_28)","decl":{"start":{"line":244,"column":36},"end":{"line":244,"column":37}},"loc":{"start":{"line":244,"column":48},"end":{"line":247,"column":13}},"line":244},"29":{"name":"(anonymous_29)","decl":{"start":{"line":249,"column":34},"end":{"line":249,"column":35}},"loc":{"start":{"line":249,"column":53},"end":{"line":254,"column":13}},"line":249},"30":{"name":"(anonymous_30)","decl":{"start":{"line":250,"column":30},"end":{"line":250,"column":31}},"loc":{"start":{"line":250,"column":40},"end":{"line":253,"column":17}},"line":250},"31":{"name":"(anonymous_31)","decl":{"start":{"line":260,"column":36},"end":{"line":260,"column":37}},"loc":{"start":{"line":260,"column":47},"end":{"line":271,"column":13}},"line":260},"32":{"name":"(anonymous_32)","decl":{"start":{"line":261,"column":30},"end":{"line":261,"column":31}},"loc":{"start":{"line":261,"column":37},"end":{"line":270,"column":17}},"line":261},"33":{"name":"(anonymous_33)","decl":{"start":{"line":262,"column":34},"end":{"line":262,"column":35}},"loc":{"start":{"line":262,"column":45},"end":{"line":269,"column":21}},"line":262},"34":{"name":"(anonymous_34)","decl":{"start":{"line":281,"column":32},"end":{"line":281,"column":33}},"loc":{"start":{"line":281,"column":44},"end":{"line":285,"column":13}},"line":281},"35":{"name":"(anonymous_35)","decl":{"start":{"line":287,"column":35},"end":{"line":287,"column":36}},"loc":{"start":{"line":287,"column":45},"end":{"line":294,"column":13}},"line":287},"36":{"name":"(anonymous_36)","decl":{"start":{"line":299,"column":28},"end":{"line":299,"column":29}},"loc":{"start":{"line":299,"column":35},"end":{"line":321,"column":9}},"line":299},"37":{"name":"(anonymous_37)","decl":{"start":{"line":324,"column":15},"end":{"line":324,"column":16}},"loc":{"start":{"line":324,"column":21},"end":{"line":324,"column":69}},"line":324},"38":{"name":"(anonymous_38)","decl":{"start":{"line":328,"column":14},"end":{"line":328,"column":15}},"loc":{"start":{"line":328,"column":20},"end":{"line":364,"column":5}},"line":328},"39":{"name":"(anonymous_39)","decl":{"start":{"line":334,"column":31},"end":{"line":334,"column":32}},"loc":{"start":{"line":334,"column":57},"end":{"line":356,"column":13}},"line":334},"40":{"name":"(anonymous_40)","decl":{"start":{"line":359,"column":32},"end":{"line":359,"column":33}},"loc":{"start":{"line":359,"column":44},"end":{"line":362,"column":13}},"line":359},"41":{"name":"(anonymous_41)","decl":{"start":{"line":366,"column":24},"end":{"line":366,"column":25}},"loc":{"start":{"line":366,"column":30},"end":{"line":383,"column":5}},"line":366},"42":{"name":"(anonymous_42)","decl":{"start":{"line":368,"column":48},"end":{"line":368,"column":49}},"loc":{"start":{"line":368,"column":67},"end":{"line":368,"column":100}},"line":368},"43":{"name":"(anonymous_43)","decl":{"start":{"line":386,"column":30},"end":{"line":386,"column":31}},"loc":{"start":{"line":386,"column":36},"end":{"line":388,"column":5}},"line":386},"44":{"name":"(anonymous_44)","decl":{"start":{"line":391,"column":25},"end":{"line":391,"column":26}},"loc":{"start":{"line":391,"column":31},"end":{"line":408,"column":5}},"line":391},"45":{"name":"(anonymous_45)","decl":{"start":{"line":396,"column":35},"end":{"line":396,"column":36}},"loc":{"start":{"line":396,"column":43},"end":{"line":405,"column":9}},"line":396},"46":{"name":"(anonymous_46)","decl":{"start":{"line":399,"column":32},"end":{"line":399,"column":33}},"loc":{"start":{"line":399,"column":42},"end":{"line":403,"column":17}},"line":399},"47":{"name":"(anonymous_47)","decl":{"start":{"line":410,"column":25},"end":{"line":410,"column":26}},"loc":{"start":{"line":410,"column":31},"end":{"line":414,"column":5}},"line":410}},"branchMap":{"0":{"loc":{"start":{"line":52,"column":4},"end":{"line":52,"column":53}},"type":"if","locations":[{"start":{"line":52,"column":4},"end":{"line":52,"column":53}},{"start":{},"end":{}}],"line":52},"1":{"loc":{"start":{"line":53,"column":4},"end":{"line":53,"column":52}},"type":"if","locations":[{"start":{"line":53,"column":4},"end":{"line":53,"column":52}},{"start":{},"end":{}}],"line":53},"2":{"loc":{"start":{"line":54,"column":4},"end":{"line":54,"column":45}},"type":"if","locations":[{"start":{"line":54,"column":4},"end":{"line":54,"column":45}},{"start":{},"end":{}}],"line":54},"3":{"loc":{"start":{"line":60,"column":4},"end":{"line":69,"column":5}},"type":"if","locations":[{"start":{"line":60,"column":4},"end":{"line":69,"column":5}},{"start":{"line":62,"column":11},"end":{"line":69,"column":5}}],"line":60},"4":{"loc":{"start":{"line":90,"column":16},"end":{"line":90,"column":70}},"type":"if","locations":[{"start":{"line":90,"column":16},"end":{"line":90,"column":70}},{"start":{},"end":{}}],"line":90},"5":{"loc":{"start":{"line":96,"column":29},"end":{"line":96,"column":59}},"type":"binary-expr","locations":[{"start":{"line":96,"column":29},"end":{"line":96,"column":42}},{"start":{"line":96,"column":46},"end":{"line":96,"column":59}}],"line":96},"6":{"loc":{"start":{"line":98,"column":8},"end":{"line":105,"column":9}},"type":"if","locations":[{"start":{"line":98,"column":8},"end":{"line":105,"column":9}},{"start":{},"end":{}}],"line":98},"7":{"loc":{"start":{"line":98,"column":12},"end":{"line":98,"column":41}},"type":"binary-expr","locations":[{"start":{"line":98,"column":12},"end":{"line":98,"column":25}},{"start":{"line":98,"column":29},"end":{"line":98,"column":41}}],"line":98},"8":{"loc":{"start":{"line":111,"column":26},"end":{"line":111,"column":53}},"type":"cond-expr","locations":[{"start":{"line":111,"column":48},"end":{"line":111,"column":49}},{"start":{"line":111,"column":52},"end":{"line":111,"column":53}}],"line":111},"9":{"loc":{"start":{"line":134,"column":8},"end":{"line":134,"column":44}},"type":"if","locations":[{"start":{"line":134,"column":8},"end":{"line":134,"column":44}},{"start":{},"end":{}}],"line":134},"10":{"loc":{"start":{"line":137,"column":15},"end":{"line":137,"column":111}},"type":"binary-expr","locations":[{"start":{"line":137,"column":15},"end":{"line":137,"column":36}},{"start":{"line":137,"column":40},"end":{"line":137,"column":61}},{"start":{"line":137,"column":65},"end":{"line":137,"column":86}},{"start":{"line":137,"column":90},"end":{"line":137,"column":111}}],"line":137},"11":{"loc":{"start":{"line":159,"column":8},"end":{"line":169,"column":9}},"type":"if","locations":[{"start":{"line":159,"column":8},"end":{"line":169,"column":9}},{"start":{},"end":{}}],"line":159},"12":{"loc":{"start":{"line":161,"column":35},"end":{"line":161,"column":97}},"type":"binary-expr","locations":[{"start":{"line":161,"column":35},"end":{"line":161,"column":47}},{"start":{"line":161,"column":51},"end":{"line":161,"column":97}}],"line":161},"13":{"loc":{"start":{"line":166,"column":12},"end":{"line":168,"column":13}},"type":"if","locations":[{"start":{"line":166,"column":12},"end":{"line":168,"column":13}},{"start":{},"end":{}}],"line":166},"14":{"loc":{"start":{"line":173,"column":8},"end":{"line":173,"column":51}},"type":"if","locations":[{"start":{"line":173,"column":8},"end":{"line":173,"column":51}},{"start":{},"end":{}}],"line":173},"15":{"loc":{"start":{"line":173,"column":12},"end":{"line":173,"column":42}},"type":"binary-expr","locations":[{"start":{"line":173,"column":12},"end":{"line":173,"column":30}},{"start":{"line":173,"column":34},"end":{"line":173,"column":42}}],"line":173},"16":{"loc":{"start":{"line":182,"column":12},"end":{"line":218,"column":13}},"type":"if","locations":[{"start":{"line":182,"column":12},"end":{"line":218,"column":13}},{"start":{"line":195,"column":19},"end":{"line":218,"column":13}}],"line":182},"17":{"loc":{"start":{"line":195,"column":19},"end":{"line":218,"column":13}},"type":"if","locations":[{"start":{"line":195,"column":19},"end":{"line":218,"column":13}},{"start":{"line":206,"column":19},"end":{"line":218,"column":13}}],"line":195},"18":{"loc":{"start":{"line":206,"column":19},"end":{"line":218,"column":13}},"type":"if","locations":[{"start":{"line":206,"column":19},"end":{"line":218,"column":13}},{"start":{},"end":{}}],"line":206},"19":{"loc":{"start":{"line":227,"column":12},"end":{"line":232,"column":13}},"type":"if","locations":[{"start":{"line":227,"column":12},"end":{"line":232,"column":13}},{"start":{"line":229,"column":19},"end":{"line":232,"column":13}}],"line":227},"20":{"loc":{"start":{"line":228,"column":32},"end":{"line":228,"column":61}},"type":"cond-expr","locations":[{"start":{"line":228,"column":46},"end":{"line":228,"column":52}},{"start":{"line":228,"column":55},"end":{"line":228,"column":61}}],"line":228},"21":{"loc":{"start":{"line":231,"column":32},"end":{"line":231,"column":88}},"type":"cond-expr","locations":[{"start":{"line":231,"column":47},"end":{"line":231,"column":54}},{"start":{"line":231,"column":58},"end":{"line":231,"column":87}}],"line":231},"22":{"loc":{"start":{"line":231,"column":58},"end":{"line":231,"column":87}},"type":"cond-expr","locations":[{"start":{"line":231,"column":72},"end":{"line":231,"column":78}},{"start":{"line":231,"column":81},"end":{"line":231,"column":87}}],"line":231},"23":{"loc":{"start":{"line":301,"column":12},"end":{"line":301,"column":55}},"type":"if","locations":[{"start":{"line":301,"column":12},"end":{"line":301,"column":55}},{"start":{},"end":{}}],"line":301},"24":{"loc":{"start":{"line":310,"column":16},"end":{"line":319,"column":17}},"type":"if","locations":[{"start":{"line":310,"column":16},"end":{"line":319,"column":17}},{"start":{},"end":{}}],"line":310},"25":{"loc":{"start":{"line":313,"column":40},"end":{"line":313,"column":104}},"type":"cond-expr","locations":[{"start":{"line":313,"column":67},"end":{"line":313,"column":68}},{"start":{"line":313,"column":72},"end":{"line":313,"column":103}}],"line":313},"26":{"loc":{"start":{"line":313,"column":72},"end":{"line":313,"column":103}},"type":"cond-expr","locations":[{"start":{"line":313,"column":98},"end":{"line":313,"column":99}},{"start":{"line":313,"column":102},"end":{"line":313,"column":103}}],"line":313},"27":{"loc":{"start":{"line":329,"column":8},"end":{"line":363,"column":9}},"type":"if","locations":[{"start":{"line":329,"column":8},"end":{"line":363,"column":9}},{"start":{},"end":{}}],"line":329},"28":{"loc":{"start":{"line":329,"column":12},"end":{"line":329,"column":40}},"type":"binary-expr","locations":[{"start":{"line":329,"column":12},"end":{"line":329,"column":19}},{"start":{"line":329,"column":23},"end":{"line":329,"column":40}}],"line":329},"29":{"loc":{"start":{"line":337,"column":16},"end":{"line":341,"column":17}},"type":"if","locations":[{"start":{"line":337,"column":16},"end":{"line":341,"column":17}},{"start":{"line":339,"column":23},"end":{"line":341,"column":17}}],"line":337},"30":{"loc":{"start":{"line":338,"column":36},"end":{"line":338,"column":65}},"type":"cond-expr","locations":[{"start":{"line":338,"column":50},"end":{"line":338,"column":56}},{"start":{"line":338,"column":59},"end":{"line":338,"column":65}}],"line":338},"31":{"loc":{"start":{"line":340,"column":36},"end":{"line":340,"column":92}},"type":"cond-expr","locations":[{"start":{"line":340,"column":51},"end":{"line":340,"column":58}},{"start":{"line":340,"column":62},"end":{"line":340,"column":91}}],"line":340},"32":{"loc":{"start":{"line":340,"column":62},"end":{"line":340,"column":91}},"type":"cond-expr","locations":[{"start":{"line":340,"column":76},"end":{"line":340,"column":82}},{"start":{"line":340,"column":85},"end":{"line":340,"column":91}}],"line":340},"33":{"loc":{"start":{"line":346,"column":16},"end":{"line":355,"column":17}},"type":"if","locations":[{"start":{"line":346,"column":16},"end":{"line":355,"column":17}},{"start":{},"end":{}}],"line":346},"34":{"loc":{"start":{"line":346,"column":20},"end":{"line":346,"column":69}},"type":"binary-expr","locations":[{"start":{"line":346,"column":20},"end":{"line":346,"column":35}},{"start":{"line":346,"column":39},"end":{"line":346,"column":69}}],"line":346},"35":{"loc":{"start":{"line":367,"column":8},"end":{"line":382,"column":9}},"type":"if","locations":[{"start":{"line":367,"column":8},"end":{"line":382,"column":9}},{"start":{},"end":{}}],"line":367},"36":{"loc":{"start":{"line":367,"column":12},"end":{"line":367,"column":54}},"type":"binary-expr","locations":[{"start":{"line":367,"column":12},"end":{"line":367,"column":19}},{"start":{"line":367,"column":23},"end":{"line":367,"column":54}}],"line":367},"37":{"loc":{"start":{"line":369,"column":30},"end":{"line":369,"column":104}},"type":"cond-expr","locations":[{"start":{"line":369,"column":42},"end":{"line":369,"column":72}},{"start":{"line":369,"column":75},"end":{"line":369,"column":104}}],"line":369},"38":{"loc":{"start":{"line":371,"column":12},"end":{"line":381,"column":13}},"type":"if","locations":[{"start":{"line":371,"column":12},"end":{"line":381,"column":13}},{"start":{},"end":{}}],"line":371},"39":{"loc":{"start":{"line":398,"column":12},"end":{"line":404,"column":13}},"type":"if","locations":[{"start":{"line":398,"column":12},"end":{"line":404,"column":13}},{"start":{},"end":{}}],"line":398},"40":{"loc":{"start":{"line":400,"column":20},"end":{"line":402,"column":21}},"type":"if","locations":[{"start":{"line":400,"column":20},"end":{"line":402,"column":21}},{"start":{},"end":{}}],"line":400},"41":{"loc":{"start":{"line":411,"column":8},"end":{"line":413,"column":9}},"type":"if","locations":[{"start":{"line":411,"column":8},"end":{"line":413,"column":9}},{"start":{},"end":{}}],"line":411},"42":{"loc":{"start":{"line":411,"column":12},"end":{"line":411,"column":54}},"type":"binary-expr","locations":[{"start":{"line":411,"column":12},"end":{"line":411,"column":19}},{"start":{"line":411,"column":23},"end":{"line":411,"column":54}}],"line":411},"43":{"loc":{"start":{"line":425,"column":29},"end":{"line":425,"column":69}},"type":"cond-expr","locations":[{"start":{"line":425,"column":62},"end":{"line":425,"column":65}},{"start":{"line":425,"column":68},"end":{"line":425,"column":69}}],"line":425},"44":{"loc":{"start":{"line":426,"column":28},"end":{"line":426,"column":86}},"type":"cond-expr","locations":[{"start":{"line":426,"column":61},"end":{"line":426,"column":74}},{"start":{"line":426,"column":77},"end":{"line":426,"column":86}}],"line":426},"45":{"loc":{"start":{"line":437,"column":29},"end":{"line":437,"column":69}},"type":"cond-expr","locations":[{"start":{"line":437,"column":62},"end":{"line":437,"column":65}},{"start":{"line":437,"column":68},"end":{"line":437,"column":69}}],"line":437},"46":{"loc":{"start":{"line":438,"column":28},"end":{"line":438,"column":86}},"type":"cond-expr","locations":[{"start":{"line":438,"column":61},"end":{"line":438,"column":74}},{"start":{"line":438,"column":77},"end":{"line":438,"column":86}}],"line":438},"47":{"loc":{"start":{"line":445,"column":13},"end":{"line":453,"column":13}},"type":"cond-expr","locations":[{"start":{"line":446,"column":16},"end":{"line":448,"column":22}},{"start":{"line":450,"column":16},"end":{"line":452,"column":22}}],"line":445},"48":{"loc":{"start":{"line":445,"column":13},"end":{"line":445,"column":61}},"type":"binary-expr","locations":[{"start":{"line":445,"column":13},"end":{"line":445,"column":29}},{"start":{"line":445,"column":33},"end":{"line":445,"column":61}}],"line":445},"49":{"loc":{"start":{"line":450,"column":37},"end":{"line":450,"column":115}},"type":"cond-expr","locations":[{"start":{"line":450,"column":55},"end":{"line":450,"column":109}},{"start":{"line":450,"column":113},"end":{"line":450,"column":115}}],"line":450},"50":{"loc":{"start":{"line":450,"column":55},"end":{"line":450,"column":109}},"type":"cond-expr","locations":[{"start":{"line":450,"column":94},"end":{"line":450,"column":100}},{"start":{"line":450,"column":103},"end":{"line":450,"column":109}}],"line":450},"51":{"loc":{"start":{"line":456,"column":13},"end":{"line":465,"column":13}},"type":"binary-expr","locations":[{"start":{"line":456,"column":13},"end":{"line":456,"column":27}},{"start":{"line":456,"column":31},"end":{"line":456,"column":45}},{"start":{"line":457,"column":16},"end":{"line":464,"column":22}}],"line":456},"52":{"loc":{"start":{"line":468,"column":13},"end":{"line":493,"column":13}},"type":"binary-expr","locations":[{"start":{"line":468,"column":13},"end":{"line":468,"column":26}},{"start":{"line":468,"column":30},"end":{"line":468,"column":44}},{"start":{"line":469,"column":16},"end":{"line":492,"column":22}}],"line":468}},"s":{"0":1,"1":1,"2":1,"3":1,"4":1,"5":1,"6":0,"7":0,"8":0,"9":0,"10":0,"11":0,"12":1,"13":0,"14":0,"15":0,"16":0,"17":0,"18":0,"19":0,"20":0,"21":1,"22":0,"23":0,"24":0,"25":0,"26":0,"27":0,"28":0,"29":0,"30":0,"31":0,"32":0,"33":0,"34":0,"35":0,"36":0,"37":0,"38":0,"39":0,"40":0,"41":0,"42":0,"43":0,"44":0,"45":0,"46":0,"47":0,"48":0,"49":0,"50":0,"51":0,"52":0,"53":0,"54":0,"55":0,"56":0,"57":1,"58":0,"59":1,"60":0,"61":0,"62":0,"63":0,"64":0,"65":0,"66":0,"67":0,"68":0,"69":0,"70":0,"71":0,"72":0,"73":0,"74":0,"75":0,"76":0,"77":0,"78":0,"79":0,"80":0,"81":0,"82":0,"83":0,"84":0,"85":0,"86":0,"87":0,"88":0,"89":0,"90":0,"91":0,"92":0,"93":0,"94":0,"95":0,"96":0,"97":0,"98":0,"99":0,"100":0,"101":0,"102":0,"103":0,"104":0,"105":0,"106":0,"107":0,"108":0,"109":0,"110":0,"111":0,"112":0,"113":0,"114":0,"115":0,"116":0,"117":0,"118":0,"119":0,"120":0,"121":0,"122":0,"123":0,"124":0,"125":0,"126":0,"127":0,"128":0,"129":0,"130":0,"131":0,"132":0,"133":0,"134":0,"135":0,"136":0,"137":0,"138":0,"139":0,"140":0,"141":0,"142":0,"143":0,"144":0,"145":0,"146":0,"147":0,"148":0,"149":0,"150":0,"151":0,"152":0,"153":0,"154":0,"155":0,"156":0,"157":0,"158":0,"159":0,"160":0,"161":0,"162":0,"163":0,"164":0,"165":0,"166":0,"167":0,"168":0,"169":0,"170":0,"171":0,"172":0,"173":0,"174":0,"175":0,"176":0,"177":0,"178":0,"179":0,"180":0,"181":0,"182":0,"183":0,"184":0,"185":0,"186":0,"187":0,"188":0,"189":0,"190":0,"191":0,"192":0,"193":0,"194":0,"195":0,"196":0,"197":0,"198":0,"199":0,"200":0,"201":0,"202":0,"203":0,"204":0,"205":0,"206":0,"207":0,"208":0,"209":0,"210":0,"211":0,"212":0,"213":0,"214":0,"215":0,"216":0,"217":0,"218":0,"219":0,"220":0,"221":0,"222":0,"223":0,"224":0,"225":0,"226":0,"227":0,"228":0,"229":0,"230":0,"231":0,"232":0,"233":0,"234":0,"235":0,"236":0,"237":0,"238":0,"239":0,"240":0,"241":0,"242":0,"243":0,"244":0,"245":0,"246":0,"247":0,"248":0,"249":0,"250":0,"251":0,"252":0},"f":{"0":0,"1":0,"2":0,"3":0,"4":0,"5":0,"6":0,"7":0,"8":0,"9":0,"10":0,"11":0,"12":0,"13":0,"14":0,"15":0,"16":0,"17":0,"18":0,"19":0,"20":0,"21":0,"22":0,"23":0,"24":0,"25":0,"26":0,"27":0,"28":0,"29":0,"30":0,"31":0,"32":0,"33":0,"34":0,"35":0,"36":0,"37":0,"38":0,"39":0,"40":0,"41":0,"42":0,"43":0,"44":0,"45":0,"46":0,"47":0},"b":{"0":[0,0],"1":[0,0],"2":[0,0],"3":[0,0],"4":[0,0],"5":[0,0],"6":[0,0],"7":[0,0],"8":[0,0],"9":[0,0],"10":[0,0,0,0],"11":[0,0],"12":[0,0],"13":[0,0],"14":[0,0],"15":[0,0],"16":[0,0],"17":[0,0],"18":[0,0],"19":[0,0],"20":[0,0],"21":[0,0],"22":[0,0],"23":[0,0],"24":[0,0],"25":[0,0],"26":[0,0],"27":[0,0],"28":[0,0],"29":[0,0],"30":[0,0],"31":[0,0],"32":[0,0],"33":[0,0],"34":[0,0],"35":[0,0],"36":[0,0],"37":[0,0],"38":[0,0],"39":[0,0],"40":[0,0],"41":[0,0],"42":[0,0],"43":[0,0],"44":[0,0],"45":[0,0],"46":[0,0],"47":[0,0],"48":[0,0],"49":[0,0],"50":[0,0],"51":[0,0,0],"52":[0,0,0]},"_coverageSchema":"1a1c01bbd47fc00a2c39e90264f33305004495a9","hash":"1863bb50135b6f21c18c6b8f984f38f863e71847"}
}
