TN:
SF:src\CreateRoom.jsx
FN:4,CreateRoom
FN:5,(anonymous_1)
FN:61,(anonymous_2)
FN:75,(anonymous_3)
FNF:4
FNH:4
FNDA:2,CreateRoom
FNDA:1,(anonymous_1)
FNDA:6,(anonymous_2)
FNDA:1,(anonymous_3)
DA:5,2
DA:6,1
DA:8,1
DA:9,1
DA:10,1
DA:11,1
DA:14,2
DA:16,2
DA:43,2
DA:62,6
DA:75,1
LF:11
LH:11
BRF:0
BRH:0
end_of_record
TN:
SF:src\LandingPage.jsx
FN:10,LandingPage
FN:19,(anonymous_1)
FN:25,(anonymous_2)
FN:26,(anonymous_3)
FN:41,(anonymous_4)
FN:45,(anonymous_5)
FN:50,(anonymous_6)
FN:56,(anonymous_7)
FN:58,(anonymous_8)
FN:89,(anonymous_9)
FN:136,(anonymous_10)
FN:265,(anonymous_11)
FNF:12
FNH:9
FNDA:10,LandingPage
FNDA:8,(anonymous_1)
FNDA:7,(anonymous_2)
FNDA:7,(anonymous_3)
FNDA:1,(anonymous_4)
FNDA:0,(anonymous_5)
FNDA:0,(anonymous_6)
FNDA:7,(anonymous_7)
FNDA:7,(anonymous_8)
FNDA:1,(anonymous_9)
FNDA:1,(anonymous_10)
FNDA:0,(anonymous_11)
DA:11,10
DA:12,10
DA:13,10
DA:14,10
DA:15,10
DA:16,10
DA:19,10
DA:20,8
DA:25,10
DA:26,7
DA:27,7
DA:29,2
DA:30,2
DA:31,2
DA:32,2
DA:34,0
DA:38,7
DA:41,10
DA:42,1
DA:45,10
DA:46,0
DA:50,10
DA:51,0
DA:52,0
DA:56,10
DA:57,7
DA:58,7
DA:61,10
DA:89,1
DA:136,1
DA:265,0
LF:31
LH:26
BRDA:27,0,0,5
BRDA:27,0,1,2
BRDA:32,1,0,2
BRDA:32,1,1,0
BRDA:51,2,0,0
BRDA:51,2,1,0
BRDA:51,3,0,0
BRDA:51,3,1,0
BRDA:51,3,2,0
BRDA:69,4,0,10
BRDA:69,4,1,0
BRDA:74,5,0,10
BRDA:74,5,1,0
BRDA:77,6,0,10
BRDA:77,6,1,0
BRDA:82,7,0,10
BRDA:82,7,1,0
BRDA:83,8,0,10
BRDA:83,8,1,0
BRDA:90,9,0,0
BRDA:90,9,1,10
BRDA:93,10,0,10
BRDA:93,10,1,10
BRDA:98,11,0,10
BRDA:98,11,1,0
BRDA:100,12,0,10
BRDA:100,12,1,10
BRDA:106,13,0,10
BRDA:106,13,1,10
BRDA:109,14,0,10
BRDA:109,14,1,0
BRDA:130,15,0,10
BRDA:130,15,1,9
BRDA:130,15,2,9
BRDA:140,16,0,1
BRDA:140,16,1,9
BRDA:265,17,0,10
BRDA:265,17,1,1
BRF:38
BRH:24
end_of_record
TN:
SF:src\UserContext.jsx
FN:10,UserProvider
FN:14,(anonymous_1)
FN:17,(anonymous_2)
FN:21,(anonymous_3)
FN:39,(anonymous_4)
FNF:5
FNH:1
FNDA:0,UserProvider
FNDA:0,(anonymous_1)
FNDA:0,(anonymous_2)
FNDA:0,(anonymous_3)
FNDA:10,(anonymous_4)
DA:7,1
DA:11,0
DA:12,0
DA:14,0
DA:16,0
DA:17,0
DA:18,0
DA:19,0
DA:21,0
DA:24,0
DA:29,0
DA:31,0
DA:39,10
LF:13
LH:2
BRDA:16,0,0,0
BRDA:16,0,1,0
BRDA:29,1,0,0
BRDA:29,1,1,0
BRF:4
BRH:0
end_of_record
