TN:
SF:src\CreateRoom.jsx
FN:4,CreateRoom
FN:5,(anonymous_1)
FN:66,(anonymous_2)
FN:86,(anonymous_3)
FNF:4
FNH:2
FNDA:11,CreateRoom
FNDA:0,(anonymous_1)
FNDA:33,(anonymous_2)
FNDA:0,(anonymous_3)
DA:5,11
DA:6,0
DA:8,0
DA:9,0
DA:10,0
DA:11,0
DA:12,0
DA:14,0
DA:15,0
DA:19,11
DA:21,11
DA:48,11
DA:67,33
DA:86,0
LF:14
LH:5
BRDA:11,0,0,0
BRDA:11,0,1,0
BRF:2
BRH:0
end_of_record
TN:
SF:src\LandingPage.jsx
FN:11,LandingPage
FN:23,(anonymous_1)
FN:27,(anonymous_2)
FN:31,(anonymous_3)
FN:36,(anonymous_4)
FN:42,(anonymous_5)
FN:44,(anonymous_6)
FN:48,(anonymous_7)
FN:84,(anonymous_8)
FN:92,(anonymous_9)
FN:147,(anonymous_10)
FN:198,(anonymous_11)
FN:199,(anonymous_12)
FNF:13
FNH:5
FNDA:8,LandingPage
FNDA:8,(anonymous_1)
FNDA:0,(anonymous_2)
FNDA:0,(anonymous_3)
FNDA:0,(anonymous_4)
FNDA:8,(anonymous_5)
FNDA:8,(anonymous_6)
FNDA:16,(anonymous_7)
FNDA:0,(anonymous_8)
FNDA:0,(anonymous_9)
FNDA:0,(anonymous_10)
FNDA:0,(anonymous_11)
FNDA:0,(anonymous_12)
DA:12,8
DA:13,8
DA:14,8
DA:15,8
DA:16,8
DA:17,8
DA:19,8
DA:20,8
DA:23,8
DA:24,8
DA:27,8
DA:28,0
DA:31,8
DA:32,0
DA:36,8
DA:37,0
DA:38,0
DA:42,8
DA:43,8
DA:44,8
DA:48,8
DA:49,16
DA:50,16
DA:51,16
DA:57,8
DA:84,0
DA:92,0
DA:147,0
DA:198,0
DA:199,0
LF:30
LH:21
BRDA:19,0,0,8
BRDA:19,0,1,8
BRDA:19,0,2,7
BRDA:19,0,3,7
BRDA:20,1,0,8
BRDA:20,1,1,8
BRDA:37,2,0,0
BRDA:37,2,1,0
BRDA:37,3,0,0
BRDA:37,3,1,0
BRDA:37,3,2,0
BRDA:64,4,0,8
BRDA:64,4,1,0
BRDA:69,5,0,8
BRDA:69,5,1,0
BRDA:72,6,0,8
BRDA:72,6,1,0
BRDA:77,7,0,8
BRDA:77,7,1,0
BRDA:78,8,0,8
BRDA:78,8,1,0
BRDA:85,9,0,0
BRDA:85,9,1,8
BRDA:88,10,0,8
BRDA:88,10,1,8
BRDA:92,11,0,8
BRDA:92,11,1,0
BRDA:94,12,0,8
BRDA:94,12,1,8
BRDA:100,13,0,8
BRDA:100,13,1,8
BRDA:103,14,0,0
BRDA:103,14,1,8
BRDA:106,15,0,0
BRDA:106,15,1,8
BRDA:110,16,0,0
BRDA:110,16,1,8
BRDA:151,17,0,0
BRDA:151,17,1,8
BRDA:198,18,0,8
BRDA:198,18,1,0
BRDA:199,19,0,8
BRDA:199,19,1,0
BRF:43
BRH:25
end_of_record
TN:
SF:src\RoomLobby.jsx
FN:6,RoomLobby
FN:19,(anonymous_1)
FN:29,(anonymous_2)
FN:45,(anonymous_3)
FN:51,(anonymous_4)
FN:88,(anonymous_5)
FN:97,(anonymous_6)
FN:107,(anonymous_7)
FN:108,(anonymous_8)
FN:110,(anonymous_9)
FN:161,(anonymous_10)
FNF:11
FNH:3
FNDA:6,RoomLobby
FNDA:6,(anonymous_1)
FNDA:0,(anonymous_2)
FNDA:0,(anonymous_3)
FNDA:0,(anonymous_4)
FNDA:6,(anonymous_5)
FNDA:0,(anonymous_6)
FNDA:0,(anonymous_7)
FNDA:0,(anonymous_8)
FNDA:0,(anonymous_9)
FNDA:0,(anonymous_10)
DA:7,6
DA:8,6
DA:10,6
DA:11,6
DA:12,6
DA:13,6
DA:14,6
DA:15,6
DA:16,6
DA:17,6
DA:19,6
DA:20,6
DA:21,6
DA:22,6
DA:23,6
DA:26,6
DA:29,6
DA:30,0
DA:32,0
DA:33,0
DA:34,0
DA:35,0
DA:36,0
DA:39,0
DA:40,0
DA:45,6
DA:46,0
DA:47,0
DA:48,0
DA:51,6
DA:52,0
DA:53,0
DA:57,6
DA:58,6
DA:61,6
DA:65,6
DA:67,6
DA:73,6
DA:76,6
DA:77,0
DA:81,6
DA:82,6
DA:83,6
DA:88,6
DA:89,6
DA:90,6
DA:91,6
DA:93,6
DA:97,6
DA:98,0
DA:99,0
DA:100,0
DA:102,0
DA:107,6
DA:108,0
DA:109,0
DA:111,0
DA:115,6
DA:162,0
LF:59
LH:37
BRDA:10,0,0,6
BRDA:10,0,1,0
BRDA:32,1,0,0
BRDA:32,1,1,0
BRDA:34,2,0,0
BRDA:34,2,1,0
BRDA:34,3,0,0
BRDA:34,3,1,0
BRDA:39,4,0,0
BRDA:39,4,1,0
BRDA:46,5,0,0
BRDA:46,5,1,0
BRDA:57,6,0,6
BRDA:57,6,1,0
BRDA:57,7,0,6
BRDA:57,7,1,6
BRDA:61,8,0,6
BRDA:61,8,1,6
BRDA:61,8,2,0
BRDA:76,9,0,0
BRDA:76,9,1,6
BRDA:81,10,0,6
BRDA:81,10,1,0
BRDA:89,11,0,6
BRDA:89,11,1,0
BRDA:99,12,0,0
BRDA:99,12,1,0
BRDA:160,13,0,0
BRDA:160,13,1,6
BRDA:160,14,0,6
BRDA:160,14,1,6
BRDA:163,15,0,0
BRDA:163,15,1,0
BRDA:164,16,0,0
BRDA:164,16,1,0
BRDA:165,17,0,0
BRDA:165,17,1,0
BRDA:174,18,0,0
BRDA:174,18,1,6
BRF:39
BRH:13
end_of_record
TN:
SF:src\UserContext.jsx
FN:10,UserProvider
FN:14,(anonymous_1)
FN:17,(anonymous_2)
FN:21,(anonymous_3)
FN:39,(anonymous_4)
FNF:5
FNH:1
FNDA:0,UserProvider
FNDA:0,(anonymous_1)
FNDA:0,(anonymous_2)
FNDA:0,(anonymous_3)
FNDA:8,(anonymous_4)
DA:7,2
DA:11,0
DA:12,0
DA:14,0
DA:16,0
DA:17,0
DA:18,0
DA:19,0
DA:21,0
DA:24,0
DA:29,0
DA:31,0
DA:39,8
LF:13
LH:2
BRDA:16,0,0,0
BRDA:16,0,1,0
BRDA:29,1,0,0
BRDA:29,1,1,0
BRF:4
BRH:0
end_of_record
TN:
SF:src\firebase.js
FNF:0
FNH:0
DA:5,1
DA:16,1
DA:17,1
LF:3
LH:3
BRF:0
BRH:0
end_of_record
